[2021-07-15 01:59:12.331] [exthost] [info] extension host started
[2021-07-15 01:59:12.461] [exthost] [info] ExtensionService#_doActivateExtension vscode.microsoft-authentication {"startup":false,"extensionId":{"value":"vscode.microsoft-authentication","_lower":"vscode.microsoft-authentication"},"activationEvent":"onAuthenticationRequest:microsoft"}
[2021-07-15 01:59:12.462] [exthost] [info] ExtensionService#loadCommonJSModule file:///snap/code/68/usr/share/code/resources/app/extensions/microsoft-authentication/dist/extension.js
[2021-07-15 01:59:12.683] [exthost] [info] ExtensionService#_doActivateExtension vscode.debug-auto-launch {"startup":true,"extensionId":{"value":"vscode.debug-auto-launch","_lower":"vscode.debug-auto-launch"},"activationEvent":"*"}
[2021-07-15 01:59:12.684] [exthost] [info] ExtensionService#loadCommonJSModule file:///snap/code/68/usr/share/code/resources/app/extensions/debug-auto-launch/dist/extension
[2021-07-15 01:59:13.016] [exthost] [info] ExtensionService#_doActivateExtension vscode.git {"startup":true,"extensionId":{"value":"vscode.github","_lower":"vscode.github"},"activationEvent":"*"}
[2021-07-15 01:59:13.016] [exthost] [info] ExtensionService#loadCommonJSModule file:///snap/code/68/usr/share/code/resources/app/extensions/git/dist/main
[2021-07-15 01:59:13.564] [exthost] [info] ExtensionService#_doActivateExtension adobe.xd {"startup":true,"extensionId":{"value":"adobe.xd","_lower":"adobe.xd"},"activationEvent":"*"}
[2021-07-15 01:59:13.564] [exthost] [info] ExtensionService#loadCommonJSModule file:///root/.vscode/extensions/adobe.xd-1.2.3/build/extension-bundle.js
[2021-07-15 01:59:13.709] [exthost] [info] ExtensionService#_doActivateExtension alefragnani.project-manager {"startup":true,"extensionId":{"value":"alefragnani.project-manager","_lower":"alefragnani.project-manager"},"activationEvent":"*"}
[2021-07-15 01:59:13.709] [exthost] [info] ExtensionService#loadCommonJSModule file:///root/.vscode/extensions/alefragnani.project-manager-12.2.0/dist/extension
[2021-07-15 01:59:13.768] [exthost] [info] ExtensionService#_doActivateExtension anweber.statusbar-commands {"startup":true,"extensionId":{"value":"anweber.statusbar-commands","_lower":"anweber.statusbar-commands"},"activationEvent":"*"}
[2021-07-15 01:59:13.768] [exthost] [info] ExtensionService#loadCommonJSModule file:///root/.vscode/extensions/anweber.statusbar-commands-1.8.0/dist/extension.js
[2021-07-15 01:59:13.821] [exthost] [info] ExtensionService#_doActivateExtension bajdzis.vscode-database {"startup":true,"extensionId":{"value":"bajdzis.vscode-database","_lower":"bajdzis.vscode-database"},"activationEvent":"*"}
[2021-07-15 01:59:13.821] [exthost] [info] ExtensionService#loadCommonJSModule file:///root/.vscode/extensions/bajdzis.vscode-database-2.2.3/out/extension.js
[2021-07-15 01:59:13.941] [exthost] [info] ExtensionService#_doActivateExtension bajdzis.vscode-twig-pack {"startup":true,"extensionId":{"value":"bajdzis.vscode-twig-pack","_lower":"bajdzis.vscode-twig-pack"},"activationEvent":"*"}
[2021-07-15 01:59:13.941] [exthost] [info] ExtensionService#loadCommonJSModule file:///root/.vscode/extensions/bajdzis.vscode-twig-pack-1.1.0/extension
[2021-07-15 01:59:13.976] [exthost] [info] ExtensionService#_doActivateExtension Cardinal90.multi-cursor-case-preserve {"startup":true,"extensionId":{"value":"Cardinal90.multi-cursor-case-preserve","_lower":"cardinal90.multi-cursor-case-preserve"},"activationEvent":"*"}
[2021-07-15 01:59:13.976] [exthost] [info] ExtensionService#loadCommonJSModule file:///root/.vscode/extensions/cardinal90.multi-cursor-case-preserve-1.0.5/src/extension
[2021-07-15 01:59:14.009] [exthost] [info] ExtensionService#_doActivateExtension christian-kohler.path-intellisense {"startup":true,"extensionId":{"value":"christian-kohler.path-intellisense","_lower":"christian-kohler.path-intellisense"},"activationEvent":"*"}
[2021-07-15 01:59:14.009] [exthost] [info] ExtensionService#loadCommonJSModule file:///root/.vscode/extensions/christian-kohler.path-intellisense-2.3.0/out/extension.js
[2021-07-15 01:59:14.333] [exthost] [info] ExtensionService#_doActivateExtension cweijan.vscode-mysql-client2 {"startup":true,"extensionId":{"value":"cweijan.vscode-mysql-client2","_lower":"cweijan.vscode-mysql-client2"},"activationEvent":"*"}
[2021-07-15 01:59:14.334] [exthost] [info] ExtensionService#loadCommonJSModule file:///root/.vscode/extensions/cweijan.vscode-mysql-client2-3.9.4/out/extension
[2021-07-15 01:59:14.855] [exthost] [info] ExtensionService#_doActivateExtension danileao.css-variables-autocomplete {"startup":true,"extensionId":{"value":"danileao.css-variables-autocomplete","_lower":"danileao.css-variables-autocomplete"},"activationEvent":"*"}
[2021-07-15 01:59:14.855] [exthost] [info] ExtensionService#loadCommonJSModule file:///root/.vscode/extensions/danileao.css-variables-autocomplete-0.0.3/out/extension.js
[2021-07-15 01:59:14.919] [exthost] [info] ExtensionService#_doActivateExtension donjayamanne.githistory {"startup":true,"extensionId":{"value":"donjayamanne.githistory","_lower":"donjayamanne.githistory"},"activationEvent":"*"}
[2021-07-15 01:59:14.919] [exthost] [info] ExtensionService#loadCommonJSModule file:///root/.vscode/extensions/donjayamanne.githistory-0.6.17/dist/src/extension
[2021-07-15 01:59:15.036] [exthost] [info] ExtensionService#_doActivateExtension ecmel.vscode-html-css {"startup":true,"extensionId":{"value":"ecmel.vscode-html-css","_lower":"ecmel.vscode-html-css"},"activationEvent":"*"}
[2021-07-15 01:59:15.036] [exthost] [info] ExtensionService#loadCommonJSModule file:///root/.vscode/extensions/ecmel.vscode-html-css-1.10.2/dist/extension.js
[2021-07-15 01:59:15.139] [exthost] [info] ExtensionService#_doActivateExtension EditorConfig.EditorConfig {"startup":true,"extensionId":{"value":"EditorConfig.EditorConfig","_lower":"editorconfig.editorconfig"},"activationEvent":"*"}
[2021-07-15 01:59:15.139] [exthost] [info] ExtensionService#loadCommonJSModule file:///root/.vscode/extensions/editorconfig.editorconfig-0.16.4/out/editorConfigMain.js
[2021-07-15 01:59:15.589] [exthost] [info] ExtensionService#_doActivateExtension formulahendry.auto-rename-tag {"startup":true,"extensionId":{"value":"formulahendry.auto-rename-tag","_lower":"formulahendry.auto-rename-tag"},"activationEvent":"*"}
[2021-07-15 01:59:15.589] [exthost] [info] ExtensionService#loadCommonJSModule file:///root/.vscode/extensions/formulahendry.auto-rename-tag-0.1.6/packages/extension/dist/extensionMain.js
[2021-07-15 01:59:15.648] [exthost] [info] ExtensionService#_doActivateExtension GitHub.vscode-pull-request-github {"startup":true,"extensionId":{"value":"GitHub.vscode-pull-request-github","_lower":"github.vscode-pull-request-github"},"activationEvent":"*"}
[2021-07-15 01:59:15.649] [exthost] [info] ExtensionService#loadCommonJSModule file:///root/.vscode/extensions/github.vscode-pull-request-github-0.27.1/dist/extension
[2021-07-15 01:59:15.810] [exthost] [info] ExtensionService#_doActivateExtension Glavin001.unibeautify-vscode {"startup":true,"extensionId":{"value":"Glavin001.unibeautify-vscode","_lower":"glavin001.unibeautify-vscode"},"activationEvent":"*"}
[2021-07-15 01:59:15.810] [exthost] [info] ExtensionService#loadCommonJSModule file:///root/.vscode/extensions/glavin001.unibeautify-vscode-0.8.2/index.js
