[2021-07-14 04:36:22.241] [exthost] [info] extension host started
[2021-07-14 04:36:22.406] [exthost] [info] ExtensionService#_doActivateExtension vscode.microsoft-authentication {"startup":false,"extensionId":{"value":"vscode.microsoft-authentication","_lower":"vscode.microsoft-authentication"},"activationEvent":"onAuthenticationRequest:microsoft"}
[2021-07-14 04:36:22.406] [exthost] [info] ExtensionService#loadCommonJSModule file:///snap/code/68/usr/share/code/resources/app/extensions/microsoft-authentication/dist/extension.js
[2021-07-14 04:36:22.438] [exthost] [info] ExtensionService#_doActivateExtension berublan.vscode-log-viewer {"startup":false,"extensionId":{"value":"berublan.vscode-log-viewer","_lower":"berublan.vscode-log-viewer"},"activationEvent":"onView:logExplorer"}
[2021-07-14 04:36:22.438] [exthost] [info] ExtensionService#loadCommonJSModule file:///root/.vscode/extensions/berublan.vscode-log-viewer-0.12.2/dist/extension
[2021-07-14 04:36:22.489] [exthost] [info] ExtensionService#_doActivateExtension vscode.debug-auto-launch {"startup":true,"extensionId":{"value":"vscode.debug-auto-launch","_lower":"vscode.debug-auto-launch"},"activationEvent":"*"}
[2021-07-14 04:36:22.489] [exthost] [info] ExtensionService#loadCommonJSModule file:///snap/code/68/usr/share/code/resources/app/extensions/debug-auto-launch/dist/extension
[2021-07-14 04:36:22.499] [exthost] [info] ExtensionService#_doActivateExtension vscode.git {"startup":true,"extensionId":{"value":"vscode.github","_lower":"vscode.github"},"activationEvent":"*"}
[2021-07-14 04:36:22.499] [exthost] [info] ExtensionService#loadCommonJSModule file:///snap/code/68/usr/share/code/resources/app/extensions/git/dist/main
[2021-07-14 04:36:22.613] [exthost] [info] ExtensionService#_doActivateExtension adobe.xd {"startup":true,"extensionId":{"value":"adobe.xd","_lower":"adobe.xd"},"activationEvent":"*"}
[2021-07-14 04:36:22.613] [exthost] [info] ExtensionService#loadCommonJSModule file:///root/.vscode/extensions/adobe.xd-1.2.3/build/extension-bundle.js
[2021-07-14 04:36:22.741] [exthost] [info] ExtensionService#_doActivateExtension alefragnani.project-manager {"startup":true,"extensionId":{"value":"alefragnani.project-manager","_lower":"alefragnani.project-manager"},"activationEvent":"*"}
[2021-07-14 04:36:22.741] [exthost] [info] ExtensionService#loadCommonJSModule file:///root/.vscode/extensions/alefragnani.project-manager-12.2.0/dist/extension
[2021-07-14 04:36:22.773] [exthost] [info] ExtensionService#_doActivateExtension anweber.statusbar-commands {"startup":true,"extensionId":{"value":"anweber.statusbar-commands","_lower":"anweber.statusbar-commands"},"activationEvent":"*"}
[2021-07-14 04:36:22.773] [exthost] [info] ExtensionService#loadCommonJSModule file:///root/.vscode/extensions/anweber.statusbar-commands-1.8.0/dist/extension.js
[2021-07-14 04:36:22.776] [exthost] [info] ExtensionService#_doActivateExtension bajdzis.vscode-database {"startup":true,"extensionId":{"value":"bajdzis.vscode-database","_lower":"bajdzis.vscode-database"},"activationEvent":"*"}
[2021-07-14 04:36:22.776] [exthost] [info] ExtensionService#loadCommonJSModule file:///root/.vscode/extensions/bajdzis.vscode-database-2.2.3/out/extension.js
[2021-07-14 04:36:22.805] [exthost] [info] ExtensionService#_doActivateExtension bajdzis.vscode-twig-pack {"startup":true,"extensionId":{"value":"bajdzis.vscode-twig-pack","_lower":"bajdzis.vscode-twig-pack"},"activationEvent":"*"}
[2021-07-14 04:36:22.805] [exthost] [info] ExtensionService#loadCommonJSModule file:///root/.vscode/extensions/bajdzis.vscode-twig-pack-1.1.0/extension
[2021-07-14 04:36:22.808] [exthost] [info] ExtensionService#_doActivateExtension Cardinal90.multi-cursor-case-preserve {"startup":true,"extensionId":{"value":"Cardinal90.multi-cursor-case-preserve","_lower":"cardinal90.multi-cursor-case-preserve"},"activationEvent":"*"}
[2021-07-14 04:36:22.809] [exthost] [info] ExtensionService#loadCommonJSModule file:///root/.vscode/extensions/cardinal90.multi-cursor-case-preserve-1.0.5/src/extension
[2021-07-14 04:36:22.811] [exthost] [info] ExtensionService#_doActivateExtension christian-kohler.path-intellisense {"startup":true,"extensionId":{"value":"christian-kohler.path-intellisense","_lower":"christian-kohler.path-intellisense"},"activationEvent":"*"}
[2021-07-14 04:36:22.811] [exthost] [info] ExtensionService#loadCommonJSModule file:///root/.vscode/extensions/christian-kohler.path-intellisense-2.3.0/out/extension.js
[2021-07-14 04:36:22.836] [exthost] [info] ExtensionService#_doActivateExtension cweijan.vscode-mysql-client2 {"startup":true,"extensionId":{"value":"cweijan.vscode-mysql-client2","_lower":"cweijan.vscode-mysql-client2"},"activationEvent":"*"}
[2021-07-14 04:36:22.836] [exthost] [info] ExtensionService#loadCommonJSModule file:///root/.vscode/extensions/cweijan.vscode-mysql-client2-3.9.4/out/extension
[2021-07-14 04:36:23.334] [exthost] [info] ExtensionService#_doActivateExtension danileao.css-variables-autocomplete {"startup":true,"extensionId":{"value":"danileao.css-variables-autocomplete","_lower":"danileao.css-variables-autocomplete"},"activationEvent":"*"}
[2021-07-14 04:36:23.334] [exthost] [info] ExtensionService#loadCommonJSModule file:///root/.vscode/extensions/danileao.css-variables-autocomplete-0.0.3/out/extension.js
[2021-07-14 04:36:23.337] [exthost] [info] ExtensionService#_doActivateExtension donjayamanne.githistory {"startup":true,"extensionId":{"value":"donjayamanne.githistory","_lower":"donjayamanne.githistory"},"activationEvent":"*"}
[2021-07-14 04:36:23.337] [exthost] [info] ExtensionService#loadCommonJSModule file:///root/.vscode/extensions/donjayamanne.githistory-0.6.17/dist/src/extension
[2021-07-14 04:36:23.393] [exthost] [info] ExtensionService#_doActivateExtension ecmel.vscode-html-css {"startup":true,"extensionId":{"value":"ecmel.vscode-html-css","_lower":"ecmel.vscode-html-css"},"activationEvent":"*"}
[2021-07-14 04:36:23.393] [exthost] [info] ExtensionService#loadCommonJSModule file:///root/.vscode/extensions/ecmel.vscode-html-css-1.10.2/dist/extension.js
[2021-07-14 04:36:23.439] [exthost] [info] ExtensionService#_doActivateExtension EditorConfig.EditorConfig {"startup":true,"extensionId":{"value":"EditorConfig.EditorConfig","_lower":"editorconfig.editorconfig"},"activationEvent":"*"}
[2021-07-14 04:36:23.439] [exthost] [info] ExtensionService#loadCommonJSModule file:///root/.vscode/extensions/editorconfig.editorconfig-0.16.4/out/editorConfigMain.js
[2021-07-14 04:36:23.458] [exthost] [info] ExtensionService#_doActivateExtension formulahendry.auto-rename-tag {"startup":true,"extensionId":{"value":"formulahendry.auto-rename-tag","_lower":"formulahendry.auto-rename-tag"},"activationEvent":"*"}
[2021-07-14 04:36:23.458] [exthost] [info] ExtensionService#loadCommonJSModule file:///root/.vscode/extensions/formulahendry.auto-rename-tag-0.1.6/packages/extension/dist/extensionMain.js
[2021-07-14 04:36:23.486] [exthost] [info] ExtensionService#_doActivateExtension GitHub.vscode-pull-request-github {"startup":true,"extensionId":{"value":"GitHub.vscode-pull-request-github","_lower":"github.vscode-pull-request-github"},"activationEvent":"*"}
[2021-07-14 04:36:23.486] [exthost] [info] ExtensionService#loadCommonJSModule file:///root/.vscode/extensions/github.vscode-pull-request-github-0.27.1/dist/extension
[2021-07-14 04:36:23.560] [exthost] [info] ExtensionService#_doActivateExtension Glavin001.unibeautify-vscode {"startup":true,"extensionId":{"value":"Glavin001.unibeautify-vscode","_lower":"glavin001.unibeautify-vscode"},"activationEvent":"*"}
[2021-07-14 04:36:23.560] [exthost] [info] ExtensionService#loadCommonJSModule file:///root/.vscode/extensions/glavin001.unibeautify-vscode-0.8.2/index.js
[2021-07-14 04:36:24.659] [exthost] [info] ExtensionService#_doActivateExtension ms-vscode.test-adapter-converter {"startup":true,"extensionId":{"value":"hbenl.vscode-test-explorer","_lower":"hbenl.vscode-test-explorer"},"activationEvent":"*"}
[2021-07-14 04:36:24.659] [exthost] [info] ExtensionService#loadCommonJSModule file:///root/.vscode/extensions/ms-vscode.test-adapter-converter-0.0.10/out/extension.js
[2021-07-14 04:36:24.662] [exthost] [info] ExtensionService#_doActivateExtension HookyQR.beautify {"startup":true,"extensionId":{"value":"HookyQR.beautify","_lower":"hookyqr.beautify"},"activationEvent":"*"}
[2021-07-14 04:36:24.663] [exthost] [info] ExtensionService#loadCommonJSModule file:///root/.vscode/extensions/hookyqr.beautify-1.5.0/extension
[2021-07-14 04:36:24.701] [exthost] [info] ExtensionService#_doActivateExtension huizhou.githd {"startup":true,"extensionId":{"value":"huizhou.githd","_lower":"huizhou.githd"},"activationEvent":"*"}
[2021-07-14 04:36:24.701] [exthost] [info] ExtensionService#loadCommonJSModule file:///root/.vscode/extensions/huizhou.githd-2.2.4/out/src/extension
[2021-07-14 04:36:24.713] [exthost] [info] ExtensionService#_doActivateExtension immament.vscode-ngrx-uml {"startup":true,"extensionId":{"value":"immament.vscode-ngrx-uml","_lower":"immament.vscode-ngrx-uml"},"activationEvent":"*"}
[2021-07-14 04:36:24.713] [exthost] [info] ExtensionService#loadCommonJSModule file:///root/.vscode/extensions/immament.vscode-ngrx-uml-1.0.2/dist/extension.js
[2021-07-14 04:36:24.722] [exthost] [info] ExtensionService#_doActivateExtension kevinkyang.auto-comment-blocks {"startup":true,"extensionId":{"value":"kevinkyang.auto-comment-blocks","_lower":"kevinkyang.auto-comment-blocks"},"activationEvent":"*"}
[2021-07-14 04:36:24.723] [exthost] [info] ExtensionService#loadCommonJSModule file:///root/.vscode/extensions/kevinkyang.auto-comment-blocks-1.0.1/out/src/extension
[2021-07-14 04:36:24.726] [exthost] [info] ExtensionService#_doActivateExtension kiteco.kite {"startup":true,"extensionId":{"value":"kiteco.kite","_lower":"kiteco.kite"},"activationEvent":"*"}
[2021-07-14 04:36:24.726] [exthost] [info] ExtensionService#loadCommonJSModule file:///root/.vscode/extensions/kiteco.kite-0.147.0/dist/kite-extension
[2021-07-14 04:36:24.781] [exthost] [info] ExtensionService#_doActivateExtension KnisterPeter.vscode-github {"startup":true,"extensionId":{"value":"KnisterPeter.vscode-github","_lower":"knisterpeter.vscode-github"},"activationEvent":"*"}
[2021-07-14 04:36:24.781] [exthost] [info] ExtensionService#loadCommonJSModule file:///root/.vscode/extensions/knisterpeter.vscode-github-0.30.6/out/src/main
[2021-07-14 04:36:24.954] [exthost] [info] ExtensionService#_doActivateExtension mblode.twig-language {"startup":true,"extensionId":{"value":"mblode.twig-language","_lower":"mblode.twig-language"},"activationEvent":"*"}
[2021-07-14 04:36:24.954] [exthost] [info] ExtensionService#loadCommonJSModule file:///root/.vscode/extensions/mblode.twig-language-0.9.2/extension/index
[2021-07-14 04:36:24.978] [exthost] [info] ExtensionService#_doActivateExtension mhutchie.git-graph {"startup":true,"extensionId":{"value":"mhutchie.git-graph","_lower":"mhutchie.git-graph"},"activationEvent":"*"}
[2021-07-14 04:36:24.978] [exthost] [info] ExtensionService#loadCommonJSModule file:///root/.vscode/extensions/mhutchie.git-graph-1.30.0/out/extension.js
[2021-07-14 04:36:25.003] [exthost] [info] ExtensionService#_doActivateExtension michelemelluso.gitignore {"startup":true,"extensionId":{"value":"michelemelluso.gitignore","_lower":"michelemelluso.gitignore"},"activationEvent":"*"}
[2021-07-14 04:36:25.003] [exthost] [info] ExtensionService#loadCommonJSModule file:///root/.vscode/extensions/michelemelluso.gitignore-1.0.1/out/src/extension
[2021-07-14 04:36:25.004] [exthost] [info] ExtensionService#_doActivateExtension mkxml.vscode-filesize {"startup":true,"extensionId":{"value":"mkxml.vscode-filesize","_lower":"mkxml.vscode-filesize"},"activationEvent":"*"}
[2021-07-14 04:36:25.004] [exthost] [info] ExtensionService#loadCommonJSModule file:///root/.vscode/extensions/mkxml.vscode-filesize-3.1.0/dist/extension
[2021-07-14 04:36:25.009] [exthost] [info] ExtensionService#_doActivateExtension ms-vscode.cpptools {"startup":true,"extensionId":{"value":"ms-vscode.cpptools","_lower":"ms-vscode.cpptools"},"activationEvent":"*"}
[2021-07-14 04:36:25.009] [exthost] [info] ExtensionService#loadCommonJSModule file:///root/.vscode/extensions/ms-vscode.cpptools-1.5.1/dist/main
[2021-07-14 04:36:25.156] [exthost] [info] ExtensionService#_doActivateExtension ms-vsliveshare.vsliveshare {"startup":true,"extensionId":{"value":"ms-vsliveshare.vsliveshare-audio","_lower":"ms-vsliveshare.vsliveshare-audio"},"activationEvent":"*"}
[2021-07-14 04:36:25.156] [exthost] [info] ExtensionService#loadCommonJSModule file:///root/.vscode/extensions/ms-vsliveshare.vsliveshare-1.0.4531/out/prod/extension-prod
[2021-07-14 04:36:26.712] [exthost] [info] ExtensionService#_doActivateExtension ms-vsonline.vsonline {"startup":true,"extensionId":{"value":"ms-vsonline.vsonline","_lower":"ms-vsonline.vsonline"},"activationEvent":"*"}
[2021-07-14 04:36:26.712] [exthost] [info] ExtensionService#loadCommonJSModule file:///root/.vscode/extensions/ms-vsonline.vsonline-1.0.3076/out/bundle/extension-bundle.js
[2021-07-14 04:36:27.230] [exthost] [info] ExtensionService#_doActivateExtension mtxr.sqltools {"startup":true,"extensionId":{"value":"mtxr.sqltools-driver-mysql","_lower":"mtxr.sqltools-driver-mysql"},"activationEvent":"*"}
[2021-07-14 04:36:27.230] [exthost] [info] ExtensionService#loadCommonJSModule file:///root/.vscode/extensions/mtxr.sqltools-0.23.0/dist/extension.js
[2021-07-14 04:36:27.319] [exthost] [info] ExtensionService#_doActivateExtension nadim-vscode.symfony-code-snippets {"startup":true,"extensionId":{"value":"nadim-vscode.symfony-code-snippets","_lower":"nadim-vscode.symfony-code-snippets"},"activationEvent":"*"}
[2021-07-14 04:36:27.319] [exthost] [info] ExtensionService#loadCommonJSModule file:///root/.vscode/extensions/nadim-vscode.symfony-code-snippets-1.2.7/extension
[2021-07-14 04:36:27.320] [exthost] [info] ExtensionService#_doActivateExtension nadim-vscode.symfony-super-console {"startup":true,"extensionId":{"value":"nadim-vscode.symfony-super-console","_lower":"nadim-vscode.symfony-super-console"},"activationEvent":"*"}
[2021-07-14 04:36:27.320] [exthost] [info] ExtensionService#loadCommonJSModule file:///root/.vscode/extensions/nadim-vscode.symfony-super-console-1.1.1/extension.js
[2021-07-14 04:36:27.322] [exthost] [info] ExtensionService#_doActivateExtension PKief.material-icon-theme {"startup":true,"extensionId":{"value":"PKief.material-icon-theme","_lower":"pkief.material-icon-theme"},"activationEvent":"*"}
[2021-07-14 04:36:27.322] [exthost] [info] ExtensionService#loadCommonJSModule file:///root/.vscode/extensions/pkief.material-icon-theme-4.8.0/dist/extension
[2021-07-14 04:36:27.349] [exthost] [info] ExtensionService#_doActivateExtension ritwickdey.LiveServer {"startup":true,"extensionId":{"value":"ritwickdey.LiveServer","_lower":"ritwickdey.liveserver"},"activationEvent":"*"}
[2021-07-14 04:36:27.349] [exthost] [info] ExtensionService#loadCommonJSModule file:///root/.vscode/extensions/ritwickdey.liveserver-5.6.1/out/src/extension
[2021-07-14 04:36:29.218] [exthost] [info] ExtensionService#_doActivateExtension ryu1kn.text-marker {"startup":true,"extensionId":{"value":"ryu1kn.text-marker","_lower":"ryu1kn.text-marker"},"activationEvent":"*"}
[2021-07-14 04:36:29.219] [exthost] [info] ExtensionService#loadCommonJSModule file:///root/.vscode/extensions/ryu1kn.text-marker-1.11.0/out/extension
[2021-07-14 04:36:30.118] [exthost] [info] ExtensionService#_doActivateExtension shardulm94.trailing-spaces {"startup":true,"extensionId":{"value":"shardulm94.trailing-spaces","_lower":"shardulm94.trailing-spaces"},"activationEvent":"*"}
[2021-07-14 04:36:30.118] [exthost] [info] ExtensionService#loadCommonJSModule file:///root/.vscode/extensions/shardulm94.trailing-spaces-0.3.1/out/src/extension
[2021-07-14 04:36:30.176] [exthost] [info] ExtensionService#_doActivateExtension shyykoserhiy.git-autoconfig {"startup":true,"extensionId":{"value":"shyykoserhiy.git-autoconfig","_lower":"shyykoserhiy.git-autoconfig"},"activationEvent":"*"}
[2021-07-14 04:36:30.176] [exthost] [info] ExtensionService#loadCommonJSModule file:///root/.vscode/extensions/shyykoserhiy.git-autoconfig-0.0.2/out/src/extension
[2021-07-14 04:36:30.205] [exthost] [info] ExtensionService#_doActivateExtension Sophisticode.php-formatter {"startup":true,"extensionId":{"value":"Sophisticode.php-formatter","_lower":"sophisticode.php-formatter"},"activationEvent":"*"}
[2021-07-14 04:36:30.205] [exthost] [info] ExtensionService#loadCommonJSModule file:///root/.vscode/extensions/sophisticode.php-formatter-0.2.4/out/extension
[2021-07-14 04:36:30.388] [exthost] [info] ExtensionService#_doActivateExtension vincaslt.highlight-matching-tag {"startup":true,"extensionId":{"value":"vincaslt.highlight-matching-tag","_lower":"vincaslt.highlight-matching-tag"},"activationEvent":"*"}
[2021-07-14 04:36:30.388] [exthost] [info] ExtensionService#loadCommonJSModule file:///root/.vscode/extensions/vincaslt.highlight-matching-tag-0.10.1/out/src/extension
[2021-07-14 04:36:30.457] [exthost] [info] ExtensionService#_doActivateExtension wayou.vscode-todo-highlight {"startup":true,"extensionId":{"value":"wayou.vscode-todo-highlight","_lower":"wayou.vscode-todo-highlight"},"activationEvent":"*"}
[2021-07-14 04:36:30.457] [exthost] [info] ExtensionService#loadCommonJSModule file:///root/.vscode/extensions/wayou.vscode-todo-highlight-1.0.4/src/extension
[2021-07-14 04:36:30.490] [exthost] [info] ExtensionService#_doActivateExtension Zignd.html-css-class-completion {"startup":true,"extensionId":{"value":"Zignd.html-css-class-completion","_lower":"zignd.html-css-class-completion"},"activationEvent":"*"}
[2021-07-14 04:36:30.491] [exthost] [info] ExtensionService#loadCommonJSModule file:///root/.vscode/extensions/zignd.html-css-class-completion-1.20.0/dist/extension.js
[2021-07-14 04:36:30.723] [exthost] [info] extension host terminating: renderer closed the socket
[2021-07-14 04:36:30.727] [exthost] [error] Activating extension vscode.microsoft-authentication failed due to an error:
[2021-07-14 04:36:30.727] [exthost] [error] Canceled: Canceled
    at Object.i [as canceled] (/snap/code/68/usr/share/code/resources/app/out/vs/workbench/services/extensions/node/extensionHostProcess.js:5:1157)
    at /snap/code/68/usr/share/code/resources/app/out/vs/workbench/services/extensions/node/extensionHostProcess.js:88:8146
    at Array.forEach (<anonymous>)
    at u.dispose (/snap/code/68/usr/share/code/resources/app/out/vs/workbench/services/extensions/node/extensionHostProcess.js:88:8094)
    at b.terminate (/snap/code/68/usr/share/code/resources/app/out/vs/workbench/services/extensions/node/extensionHostProcess.js:93:682)
    at h (/snap/code/68/usr/share/code/resources/app/out/vs/workbench/services/extensions/node/extensionHostProcess.js:103:31703)
    at Socket.<anonymous> (/snap/code/68/usr/share/code/resources/app/out/vs/workbench/services/extensions/node/extensionHostProcess.js:103:29468)
    at Socket.emit (events.js:327:22)
    at Socket.EventEmitter.emit (domain.js:467:12)
    at Pipe.<anonymous> (net.js:673:12)
[2021-07-14 04:36:30.728] [exthost] [error] Activating extension berublan.vscode-log-viewer failed due to an error:
[2021-07-14 04:36:30.728] [exthost] [error] Canceled: Canceled
    at Object.i [as canceled] (/snap/code/68/usr/share/code/resources/app/out/vs/workbench/services/extensions/node/extensionHostProcess.js:5:1157)
    at /snap/code/68/usr/share/code/resources/app/out/vs/workbench/services/extensions/node/extensionHostProcess.js:88:8146
    at Array.forEach (<anonymous>)
    at u.dispose (/snap/code/68/usr/share/code/resources/app/out/vs/workbench/services/extensions/node/extensionHostProcess.js:88:8094)
    at b.terminate (/snap/code/68/usr/share/code/resources/app/out/vs/workbench/services/extensions/node/extensionHostProcess.js:93:682)
    at h (/snap/code/68/usr/share/code/resources/app/out/vs/workbench/services/extensions/node/extensionHostProcess.js:103:31703)
    at Socket.<anonymous> (/snap/code/68/usr/share/code/resources/app/out/vs/workbench/services/extensions/node/extensionHostProcess.js:103:29468)
    at Socket.emit (events.js:327:22)
    at Socket.EventEmitter.emit (domain.js:467:12)
    at Pipe.<anonymous> (net.js:673:12)
[2021-07-14 04:36:30.728] [exthost] [error] Activating extension vscode.debug-auto-launch failed due to an error:
[2021-07-14 04:36:30.728] [exthost] [error] Canceled: Canceled
    at Object.i [as canceled] (/snap/code/68/usr/share/code/resources/app/out/vs/workbench/services/extensions/node/extensionHostProcess.js:5:1157)
    at /snap/code/68/usr/share/code/resources/app/out/vs/workbench/services/extensions/node/extensionHostProcess.js:88:8146
    at Array.forEach (<anonymous>)
    at u.dispose (/snap/code/68/usr/share/code/resources/app/out/vs/workbench/services/extensions/node/extensionHostProcess.js:88:8094)
    at b.terminate (/snap/code/68/usr/share/code/resources/app/out/vs/workbench/services/extensions/node/extensionHostProcess.js:93:682)
    at h (/snap/code/68/usr/share/code/resources/app/out/vs/workbench/services/extensions/node/extensionHostProcess.js:103:31703)
    at Socket.<anonymous> (/snap/code/68/usr/share/code/resources/app/out/vs/workbench/services/extensions/node/extensionHostProcess.js:103:29468)
    at Socket.emit (events.js:327:22)
    at Socket.EventEmitter.emit (domain.js:467:12)
    at Pipe.<anonymous> (net.js:673:12)
[2021-07-14 04:36:30.728] [exthost] [error] Activating extension vscode.git failed due to an error:
[2021-07-14 04:36:30.728] [exthost] [error] Canceled: Canceled
    at Object.i [as canceled] (/snap/code/68/usr/share/code/resources/app/out/vs/workbench/services/extensions/node/extensionHostProcess.js:5:1157)
    at /snap/code/68/usr/share/code/resources/app/out/vs/workbench/services/extensions/node/extensionHostProcess.js:88:8146
    at Array.forEach (<anonymous>)
    at u.dispose (/snap/code/68/usr/share/code/resources/app/out/vs/workbench/services/extensions/node/extensionHostProcess.js:88:8094)
    at b.terminate (/snap/code/68/usr/share/code/resources/app/out/vs/workbench/services/extensions/node/extensionHostProcess.js:93:682)
    at h (/snap/code/68/usr/share/code/resources/app/out/vs/workbench/services/extensions/node/extensionHostProcess.js:103:31703)
    at Socket.<anonymous> (/snap/code/68/usr/share/code/resources/app/out/vs/workbench/services/extensions/node/extensionHostProcess.js:103:29468)
    at Socket.emit (events.js:327:22)
    at Socket.EventEmitter.emit (domain.js:467:12)
    at Pipe.<anonymous> (net.js:673:12)
[2021-07-14 04:36:30.729] [exthost] [error] Activating extension adobe.xd failed due to an error:
[2021-07-14 04:36:30.729] [exthost] [error] Canceled: Canceled
    at Object.i [as canceled] (/snap/code/68/usr/share/code/resources/app/out/vs/workbench/services/extensions/node/extensionHostProcess.js:5:1157)
    at /snap/code/68/usr/share/code/resources/app/out/vs/workbench/services/extensions/node/extensionHostProcess.js:88:8146
    at Array.forEach (<anonymous>)
    at u.dispose (/snap/code/68/usr/share/code/resources/app/out/vs/workbench/services/extensions/node/extensionHostProcess.js:88:8094)
    at b.terminate (/snap/code/68/usr/share/code/resources/app/out/vs/workbench/services/extensions/node/extensionHostProcess.js:93:682)
    at h (/snap/code/68/usr/share/code/resources/app/out/vs/workbench/services/extensions/node/extensionHostProcess.js:103:31703)
    at Socket.<anonymous> (/snap/code/68/usr/share/code/resources/app/out/vs/workbench/services/extensions/node/extensionHostProcess.js:103:29468)
    at Socket.emit (events.js:327:22)
    at Socket.EventEmitter.emit (domain.js:467:12)
    at Pipe.<anonymous> (net.js:673:12)
[2021-07-14 04:36:30.729] [exthost] [error] Activating extension alefragnani.project-manager failed due to an error:
[2021-07-14 04:36:30.729] [exthost] [error] Canceled: Canceled
    at Object.i [as canceled] (/snap/code/68/usr/share/code/resources/app/out/vs/workbench/services/extensions/node/extensionHostProcess.js:5:1157)
    at /snap/code/68/usr/share/code/resources/app/out/vs/workbench/services/extensions/node/extensionHostProcess.js:88:8146
    at Array.forEach (<anonymous>)
    at u.dispose (/snap/code/68/usr/share/code/resources/app/out/vs/workbench/services/extensions/node/extensionHostProcess.js:88:8094)
    at b.terminate (/snap/code/68/usr/share/code/resources/app/out/vs/workbench/services/extensions/node/extensionHostProcess.js:93:682)
    at h (/snap/code/68/usr/share/code/resources/app/out/vs/workbench/services/extensions/node/extensionHostProcess.js:103:31703)
    at Socket.<anonymous> (/snap/code/68/usr/share/code/resources/app/out/vs/workbench/services/extensions/node/extensionHostProcess.js:103:29468)
    at Socket.emit (events.js:327:22)
    at Socket.EventEmitter.emit (domain.js:467:12)
    at Pipe.<anonymous> (net.js:673:12)
[2021-07-14 04:36:30.729] [exthost] [error] Activating extension anweber.statusbar-commands failed due to an error:
[2021-07-14 04:36:30.729] [exthost] [error] Canceled: Canceled
    at Object.i [as canceled] (/snap/code/68/usr/share/code/resources/app/out/vs/workbench/services/extensions/node/extensionHostProcess.js:5:1157)
    at /snap/code/68/usr/share/code/resources/app/out/vs/workbench/services/extensions/node/extensionHostProcess.js:88:8146
    at Array.forEach (<anonymous>)
    at u.dispose (/snap/code/68/usr/share/code/resources/app/out/vs/workbench/services/extensions/node/extensionHostProcess.js:88:8094)
    at b.terminate (/snap/code/68/usr/share/code/resources/app/out/vs/workbench/services/extensions/node/extensionHostProcess.js:93:682)
    at h (/snap/code/68/usr/share/code/resources/app/out/vs/workbench/services/extensions/node/extensionHostProcess.js:103:31703)
    at Socket.<anonymous> (/snap/code/68/usr/share/code/resources/app/out/vs/workbench/services/extensions/node/extensionHostProcess.js:103:29468)
    at Socket.emit (events.js:327:22)
    at Socket.EventEmitter.emit (domain.js:467:12)
    at Pipe.<anonymous> (net.js:673:12)
[2021-07-14 04:36:30.730] [exthost] [error] Activating extension bajdzis.vscode-database failed due to an error:
[2021-07-14 04:36:30.730] [exthost] [error] Canceled: Canceled
    at Object.i [as canceled] (/snap/code/68/usr/share/code/resources/app/out/vs/workbench/services/extensions/node/extensionHostProcess.js:5:1157)
    at /snap/code/68/usr/share/code/resources/app/out/vs/workbench/services/extensions/node/extensionHostProcess.js:88:8146
    at Array.forEach (<anonymous>)
    at u.dispose (/snap/code/68/usr/share/code/resources/app/out/vs/workbench/services/extensions/node/extensionHostProcess.js:88:8094)
    at b.terminate (/snap/code/68/usr/share/code/resources/app/out/vs/workbench/services/extensions/node/extensionHostProcess.js:93:682)
    at h (/snap/code/68/usr/share/code/resources/app/out/vs/workbench/services/extensions/node/extensionHostProcess.js:103:31703)
    at Socket.<anonymous> (/snap/code/68/usr/share/code/resources/app/out/vs/workbench/services/extensions/node/extensionHostProcess.js:103:29468)
    at Socket.emit (events.js:327:22)
    at Socket.EventEmitter.emit (domain.js:467:12)
    at Pipe.<anonymous> (net.js:673:12)
[2021-07-14 04:36:30.730] [exthost] [error] Activating extension bajdzis.vscode-twig-pack failed due to an error:
[2021-07-14 04:36:30.730] [exthost] [error] Canceled: Canceled
    at Object.i [as canceled] (/snap/code/68/usr/share/code/resources/app/out/vs/workbench/services/extensions/node/extensionHostProcess.js:5:1157)
    at /snap/code/68/usr/share/code/resources/app/out/vs/workbench/services/extensions/node/extensionHostProcess.js:88:8146
    at Array.forEach (<anonymous>)
    at u.dispose (/snap/code/68/usr/share/code/resources/app/out/vs/workbench/services/extensions/node/extensionHostProcess.js:88:8094)
    at b.terminate (/snap/code/68/usr/share/code/resources/app/out/vs/workbench/services/extensions/node/extensionHostProcess.js:93:682)
    at h (/snap/code/68/usr/share/code/resources/app/out/vs/workbench/services/extensions/node/extensionHostProcess.js:103:31703)
    at Socket.<anonymous> (/snap/code/68/usr/share/code/resources/app/out/vs/workbench/services/extensions/node/extensionHostProcess.js:103:29468)
    at Socket.emit (events.js:327:22)
    at Socket.EventEmitter.emit (domain.js:467:12)
    at Pipe.<anonymous> (net.js:673:12)
[2021-07-14 04:36:30.730] [exthost] [error] Activating extension Cardinal90.multi-cursor-case-preserve failed due to an error:
[2021-07-14 04:36:30.730] [exthost] [error] Canceled: Canceled
    at Object.i [as canceled] (/snap/code/68/usr/share/code/resources/app/out/vs/workbench/services/extensions/node/extensionHostProcess.js:5:1157)
    at /snap/code/68/usr/share/code/resources/app/out/vs/workbench/services/extensions/node/extensionHostProcess.js:88:8146
    at Array.forEach (<anonymous>)
    at u.dispose (/snap/code/68/usr/share/code/resources/app/out/vs/workbench/services/extensions/node/extensionHostProcess.js:88:8094)
    at b.terminate (/snap/code/68/usr/share/code/resources/app/out/vs/workbench/services/extensions/node/extensionHostProcess.js:93:682)
    at h (/snap/code/68/usr/share/code/resources/app/out/vs/workbench/services/extensions/node/extensionHostProcess.js:103:31703)
    at Socket.<anonymous> (/snap/code/68/usr/share/code/resources/app/out/vs/workbench/services/extensions/node/extensionHostProcess.js:103:29468)
    at Socket.emit (events.js:327:22)
    at Socket.EventEmitter.emit (domain.js:467:12)
    at Pipe.<anonymous> (net.js:673:12)
[2021-07-14 04:36:30.730] [exthost] [error] Activating extension christian-kohler.path-intellisense failed due to an error:
[2021-07-14 04:36:30.730] [exthost] [error] Canceled: Canceled
    at Object.i [as canceled] (/snap/code/68/usr/share/code/resources/app/out/vs/workbench/services/extensions/node/extensionHostProcess.js:5:1157)
    at /snap/code/68/usr/share/code/resources/app/out/vs/workbench/services/extensions/node/extensionHostProcess.js:88:8146
    at Array.forEach (<anonymous>)
    at u.dispose (/snap/code/68/usr/share/code/resources/app/out/vs/workbench/services/extensions/node/extensionHostProcess.js:88:8094)
    at b.terminate (/snap/code/68/usr/share/code/resources/app/out/vs/workbench/services/extensions/node/extensionHostProcess.js:93:682)
    at h (/snap/code/68/usr/share/code/resources/app/out/vs/workbench/services/extensions/node/extensionHostProcess.js:103:31703)
    at Socket.<anonymous> (/snap/code/68/usr/share/code/resources/app/out/vs/workbench/services/extensions/node/extensionHostProcess.js:103:29468)
    at Socket.emit (events.js:327:22)
    at Socket.EventEmitter.emit (domain.js:467:12)
    at Pipe.<anonymous> (net.js:673:12)
[2021-07-14 04:36:30.731] [exthost] [error] Activating extension cweijan.vscode-mysql-client2 failed due to an error:
[2021-07-14 04:36:30.731] [exthost] [error] Canceled: Canceled
    at Object.i [as canceled] (/snap/code/68/usr/share/code/resources/app/out/vs/workbench/services/extensions/node/extensionHostProcess.js:5:1157)
    at /snap/code/68/usr/share/code/resources/app/out/vs/workbench/services/extensions/node/extensionHostProcess.js:88:8146
    at Array.forEach (<anonymous>)
    at u.dispose (/snap/code/68/usr/share/code/resources/app/out/vs/workbench/services/extensions/node/extensionHostProcess.js:88:8094)
    at b.terminate (/snap/code/68/usr/share/code/resources/app/out/vs/workbench/services/extensions/node/extensionHostProcess.js:93:682)
    at h (/snap/code/68/usr/share/code/resources/app/out/vs/workbench/services/extensions/node/extensionHostProcess.js:103:31703)
    at Socket.<anonymous> (/snap/code/68/usr/share/code/resources/app/out/vs/workbench/services/extensions/node/extensionHostProcess.js:103:29468)
    at Socket.emit (events.js:327:22)
    at Socket.EventEmitter.emit (domain.js:467:12)
    at Pipe.<anonymous> (net.js:673:12)
[2021-07-14 04:36:30.731] [exthost] [error] Activating extension danileao.css-variables-autocomplete failed due to an error:
[2021-07-14 04:36:30.731] [exthost] [error] Canceled: Canceled
    at Object.i [as canceled] (/snap/code/68/usr/share/code/resources/app/out/vs/workbench/services/extensions/node/extensionHostProcess.js:5:1157)
    at /snap/code/68/usr/share/code/resources/app/out/vs/workbench/services/extensions/node/extensionHostProcess.js:88:8146
    at Array.forEach (<anonymous>)
    at u.dispose (/snap/code/68/usr/share/code/resources/app/out/vs/workbench/services/extensions/node/extensionHostProcess.js:88:8094)
    at b.terminate (/snap/code/68/usr/share/code/resources/app/out/vs/workbench/services/extensions/node/extensionHostProcess.js:93:682)
    at h (/snap/code/68/usr/share/code/resources/app/out/vs/workbench/services/extensions/node/extensionHostProcess.js:103:31703)
    at Socket.<anonymous> (/snap/code/68/usr/share/code/resources/app/out/vs/workbench/services/extensions/node/extensionHostProcess.js:103:29468)
    at Socket.emit (events.js:327:22)
    at Socket.EventEmitter.emit (domain.js:467:12)
    at Pipe.<anonymous> (net.js:673:12)
[2021-07-14 04:36:30.732] [exthost] [error] Activating extension donjayamanne.githistory failed due to an error:
[2021-07-14 04:36:30.732] [exthost] [error] Canceled: Canceled
    at Object.i [as canceled] (/snap/code/68/usr/share/code/resources/app/out/vs/workbench/services/extensions/node/extensionHostProcess.js:5:1157)
    at /snap/code/68/usr/share/code/resources/app/out/vs/workbench/services/extensions/node/extensionHostProcess.js:88:8146
    at Array.forEach (<anonymous>)
    at u.dispose (/snap/code/68/usr/share/code/resources/app/out/vs/workbench/services/extensions/node/extensionHostProcess.js:88:8094)
    at b.terminate (/snap/code/68/usr/share/code/resources/app/out/vs/workbench/services/extensions/node/extensionHostProcess.js:93:682)
    at h (/snap/code/68/usr/share/code/resources/app/out/vs/workbench/services/extensions/node/extensionHostProcess.js:103:31703)
    at Socket.<anonymous> (/snap/code/68/usr/share/code/resources/app/out/vs/workbench/services/extensions/node/extensionHostProcess.js:103:29468)
    at Socket.emit (events.js:327:22)
    at Socket.EventEmitter.emit (domain.js:467:12)
    at Pipe.<anonymous> (net.js:673:12)
[2021-07-14 04:36:30.732] [exthost] [error] Activating extension ecmel.vscode-html-css failed due to an error:
[2021-07-14 04:36:30.732] [exthost] [error] Canceled: Canceled
    at Object.i [as canceled] (/snap/code/68/usr/share/code/resources/app/out/vs/workbench/services/extensions/node/extensionHostProcess.js:5:1157)
    at /snap/code/68/usr/share/code/resources/app/out/vs/workbench/services/extensions/node/extensionHostProcess.js:88:8146
    at Array.forEach (<anonymous>)
    at u.dispose (/snap/code/68/usr/share/code/resources/app/out/vs/workbench/services/extensions/node/extensionHostProcess.js:88:8094)
    at b.terminate (/snap/code/68/usr/share/code/resources/app/out/vs/workbench/services/extensions/node/extensionHostProcess.js:93:682)
    at h (/snap/code/68/usr/share/code/resources/app/out/vs/workbench/services/extensions/node/extensionHostProcess.js:103:31703)
    at Socket.<anonymous> (/snap/code/68/usr/share/code/resources/app/out/vs/workbench/services/extensions/node/extensionHostProcess.js:103:29468)
    at Socket.emit (events.js:327:22)
    at Socket.EventEmitter.emit (domain.js:467:12)
    at Pipe.<anonymous> (net.js:673:12)
[2021-07-14 04:36:30.732] [exthost] [error] Activating extension EditorConfig.EditorConfig failed due to an error:
[2021-07-14 04:36:30.733] [exthost] [error] Canceled: Canceled
    at Object.i [as canceled] (/snap/code/68/usr/share/code/resources/app/out/vs/workbench/services/extensions/node/extensionHostProcess.js:5:1157)
    at /snap/code/68/usr/share/code/resources/app/out/vs/workbench/services/extensions/node/extensionHostProcess.js:88:8146
    at Array.forEach (<anonymous>)
    at u.dispose (/snap/code/68/usr/share/code/resources/app/out/vs/workbench/services/extensions/node/extensionHostProcess.js:88:8094)
    at b.terminate (/snap/code/68/usr/share/code/resources/app/out/vs/workbench/services/extensions/node/extensionHostProcess.js:93:682)
    at h (/snap/code/68/usr/share/code/resources/app/out/vs/workbench/services/extensions/node/extensionHostProcess.js:103:31703)
    at Socket.<anonymous> (/snap/code/68/usr/share/code/resources/app/out/vs/workbench/services/extensions/node/extensionHostProcess.js:103:29468)
    at Socket.emit (events.js:327:22)
    at Socket.EventEmitter.emit (domain.js:467:12)
    at Pipe.<anonymous> (net.js:673:12)
[2021-07-14 04:36:30.733] [exthost] [error] Activating extension formulahendry.auto-rename-tag failed due to an error:
[2021-07-14 04:36:30.733] [exthost] [error] Canceled: Canceled
    at Object.i [as canceled] (/snap/code/68/usr/share/code/resources/app/out/vs/workbench/services/extensions/node/extensionHostProcess.js:5:1157)
    at /snap/code/68/usr/share/code/resources/app/out/vs/workbench/services/extensions/node/extensionHostProcess.js:88:8146
    at Array.forEach (<anonymous>)
    at u.dispose (/snap/code/68/usr/share/code/resources/app/out/vs/workbench/services/extensions/node/extensionHostProcess.js:88:8094)
    at b.terminate (/snap/code/68/usr/share/code/resources/app/out/vs/workbench/services/extensions/node/extensionHostProcess.js:93:682)
    at h (/snap/code/68/usr/share/code/resources/app/out/vs/workbench/services/extensions/node/extensionHostProcess.js:103:31703)
    at Socket.<anonymous> (/snap/code/68/usr/share/code/resources/app/out/vs/workbench/services/extensions/node/extensionHostProcess.js:103:29468)
    at Socket.emit (events.js:327:22)
    at Socket.EventEmitter.emit (domain.js:467:12)
    at Pipe.<anonymous> (net.js:673:12)
[2021-07-14 04:36:30.733] [exthost] [error] Activating extension GitHub.vscode-pull-request-github failed due to an error:
[2021-07-14 04:36:30.733] [exthost] [error] Canceled: Canceled
    at Object.i [as canceled] (/snap/code/68/usr/share/code/resources/app/out/vs/workbench/services/extensions/node/extensionHostProcess.js:5:1157)
    at /snap/code/68/usr/share/code/resources/app/out/vs/workbench/services/extensions/node/extensionHostProcess.js:88:8146
    at Array.forEach (<anonymous>)
    at u.dispose (/snap/code/68/usr/share/code/resources/app/out/vs/workbench/services/extensions/node/extensionHostProcess.js:88:8094)
    at b.terminate (/snap/code/68/usr/share/code/resources/app/out/vs/workbench/services/extensions/node/extensionHostProcess.js:93:682)
    at h (/snap/code/68/usr/share/code/resources/app/out/vs/workbench/services/extensions/node/extensionHostProcess.js:103:31703)
    at Socket.<anonymous> (/snap/code/68/usr/share/code/resources/app/out/vs/workbench/services/extensions/node/extensionHostProcess.js:103:29468)
    at Socket.emit (events.js:327:22)
    at Socket.EventEmitter.emit (domain.js:467:12)
    at Pipe.<anonymous> (net.js:673:12)
[2021-07-14 04:36:30.733] [exthost] [error] Activating extension Glavin001.unibeautify-vscode failed due to an error:
[2021-07-14 04:36:30.733] [exthost] [error] Canceled: Canceled
    at Object.i [as canceled] (/snap/code/68/usr/share/code/resources/app/out/vs/workbench/services/extensions/node/extensionHostProcess.js:5:1157)
    at /snap/code/68/usr/share/code/resources/app/out/vs/workbench/services/extensions/node/extensionHostProcess.js:88:8146
    at Array.forEach (<anonymous>)
    at u.dispose (/snap/code/68/usr/share/code/resources/app/out/vs/workbench/services/extensions/node/extensionHostProcess.js:88:8094)
    at b.terminate (/snap/code/68/usr/share/code/resources/app/out/vs/workbench/services/extensions/node/extensionHostProcess.js:93:682)
    at h (/snap/code/68/usr/share/code/resources/app/out/vs/workbench/services/extensions/node/extensionHostProcess.js:103:31703)
    at Socket.<anonymous> (/snap/code/68/usr/share/code/resources/app/out/vs/workbench/services/extensions/node/extensionHostProcess.js:103:29468)
    at Socket.emit (events.js:327:22)
    at Socket.EventEmitter.emit (domain.js:467:12)
    at Pipe.<anonymous> (net.js:673:12)
[2021-07-14 04:36:30.734] [exthost] [error] Activating extension ms-vscode.test-adapter-converter failed due to an error:
[2021-07-14 04:36:30.734] [exthost] [error] Canceled: Canceled
    at Object.i [as canceled] (/snap/code/68/usr/share/code/resources/app/out/vs/workbench/services/extensions/node/extensionHostProcess.js:5:1157)
    at /snap/code/68/usr/share/code/resources/app/out/vs/workbench/services/extensions/node/extensionHostProcess.js:88:8146
    at Array.forEach (<anonymous>)
    at u.dispose (/snap/code/68/usr/share/code/resources/app/out/vs/workbench/services/extensions/node/extensionHostProcess.js:88:8094)
    at b.terminate (/snap/code/68/usr/share/code/resources/app/out/vs/workbench/services/extensions/node/extensionHostProcess.js:93:682)
    at h (/snap/code/68/usr/share/code/resources/app/out/vs/workbench/services/extensions/node/extensionHostProcess.js:103:31703)
    at Socket.<anonymous> (/snap/code/68/usr/share/code/resources/app/out/vs/workbench/services/extensions/node/extensionHostProcess.js:103:29468)
    at Socket.emit (events.js:327:22)
    at Socket.EventEmitter.emit (domain.js:467:12)
    at Pipe.<anonymous> (net.js:673:12)
[2021-07-14 04:36:30.734] [exthost] [error] Activating extension HookyQR.beautify failed due to an error:
[2021-07-14 04:36:30.734] [exthost] [error] Canceled: Canceled
    at Object.i [as canceled] (/snap/code/68/usr/share/code/resources/app/out/vs/workbench/services/extensions/node/extensionHostProcess.js:5:1157)
    at /snap/code/68/usr/share/code/resources/app/out/vs/workbench/services/extensions/node/extensionHostProcess.js:88:8146
    at Array.forEach (<anonymous>)
    at u.dispose (/snap/code/68/usr/share/code/resources/app/out/vs/workbench/services/extensions/node/extensionHostProcess.js:88:8094)
    at b.terminate (/snap/code/68/usr/share/code/resources/app/out/vs/workbench/services/extensions/node/extensionHostProcess.js:93:682)
    at h (/snap/code/68/usr/share/code/resources/app/out/vs/workbench/services/extensions/node/extensionHostProcess.js:103:31703)
    at Socket.<anonymous> (/snap/code/68/usr/share/code/resources/app/out/vs/workbench/services/extensions/node/extensionHostProcess.js:103:29468)
    at Socket.emit (events.js:327:22)
    at Socket.EventEmitter.emit (domain.js:467:12)
    at Pipe.<anonymous> (net.js:673:12)
[2021-07-14 04:36:30.734] [exthost] [error] Activating extension huizhou.githd failed due to an error:
[2021-07-14 04:36:30.734] [exthost] [error] Canceled: Canceled
    at Object.i [as canceled] (/snap/code/68/usr/share/code/resources/app/out/vs/workbench/services/extensions/node/extensionHostProcess.js:5:1157)
    at /snap/code/68/usr/share/code/resources/app/out/vs/workbench/services/extensions/node/extensionHostProcess.js:88:8146
    at Array.forEach (<anonymous>)
    at u.dispose (/snap/code/68/usr/share/code/resources/app/out/vs/workbench/services/extensions/node/extensionHostProcess.js:88:8094)
    at b.terminate (/snap/code/68/usr/share/code/resources/app/out/vs/workbench/services/extensions/node/extensionHostProcess.js:93:682)
    at h (/snap/code/68/usr/share/code/resources/app/out/vs/workbench/services/extensions/node/extensionHostProcess.js:103:31703)
    at Socket.<anonymous> (/snap/code/68/usr/share/code/resources/app/out/vs/workbench/services/extensions/node/extensionHostProcess.js:103:29468)
    at Socket.emit (events.js:327:22)
    at Socket.EventEmitter.emit (domain.js:467:12)
    at Pipe.<anonymous> (net.js:673:12)
[2021-07-14 04:36:30.735] [exthost] [error] Activating extension immament.vscode-ngrx-uml failed due to an error:
[2021-07-14 04:36:30.735] [exthost] [error] Canceled: Canceled
    at Object.i [as canceled] (/snap/code/68/usr/share/code/resources/app/out/vs/workbench/services/extensions/node/extensionHostProcess.js:5:1157)
    at /snap/code/68/usr/share/code/resources/app/out/vs/workbench/services/extensions/node/extensionHostProcess.js:88:8146
    at Array.forEach (<anonymous>)
    at u.dispose (/snap/code/68/usr/share/code/resources/app/out/vs/workbench/services/extensions/node/extensionHostProcess.js:88:8094)
    at b.terminate (/snap/code/68/usr/share/code/resources/app/out/vs/workbench/services/extensions/node/extensionHostProcess.js:93:682)
    at h (/snap/code/68/usr/share/code/resources/app/out/vs/workbench/services/extensions/node/extensionHostProcess.js:103:31703)
    at Socket.<anonymous> (/snap/code/68/usr/share/code/resources/app/out/vs/workbench/services/extensions/node/extensionHostProcess.js:103:29468)
    at Socket.emit (events.js:327:22)
    at Socket.EventEmitter.emit (domain.js:467:12)
    at Pipe.<anonymous> (net.js:673:12)
[2021-07-14 04:36:30.735] [exthost] [error] Activating extension kevinkyang.auto-comment-blocks failed due to an error:
[2021-07-14 04:36:30.735] [exthost] [error] Canceled: Canceled
    at Object.i [as canceled] (/snap/code/68/usr/share/code/resources/app/out/vs/workbench/services/extensions/node/extensionHostProcess.js:5:1157)
    at /snap/code/68/usr/share/code/resources/app/out/vs/workbench/services/extensions/node/extensionHostProcess.js:88:8146
    at Array.forEach (<anonymous>)
    at u.dispose (/snap/code/68/usr/share/code/resources/app/out/vs/workbench/services/extensions/node/extensionHostProcess.js:88:8094)
    at b.terminate (/snap/code/68/usr/share/code/resources/app/out/vs/workbench/services/extensions/node/extensionHostProcess.js:93:682)
    at h (/snap/code/68/usr/share/code/resources/app/out/vs/workbench/services/extensions/node/extensionHostProcess.js:103:31703)
    at Socket.<anonymous> (/snap/code/68/usr/share/code/resources/app/out/vs/workbench/services/extensions/node/extensionHostProcess.js:103:29468)
    at Socket.emit (events.js:327:22)
    at Socket.EventEmitter.emit (domain.js:467:12)
    at Pipe.<anonymous> (net.js:673:12)
[2021-07-14 04:36:30.735] [exthost] [error] Activating extension kiteco.kite failed due to an error:
[2021-07-14 04:36:30.735] [exthost] [error] Canceled: Canceled
    at Object.i [as canceled] (/snap/code/68/usr/share/code/resources/app/out/vs/workbench/services/extensions/node/extensionHostProcess.js:5:1157)
    at /snap/code/68/usr/share/code/resources/app/out/vs/workbench/services/extensions/node/extensionHostProcess.js:88:8146
    at Array.forEach (<anonymous>)
    at u.dispose (/snap/code/68/usr/share/code/resources/app/out/vs/workbench/services/extensions/node/extensionHostProcess.js:88:8094)
    at b.terminate (/snap/code/68/usr/share/code/resources/app/out/vs/workbench/services/extensions/node/extensionHostProcess.js:93:682)
    at h (/snap/code/68/usr/share/code/resources/app/out/vs/workbench/services/extensions/node/extensionHostProcess.js:103:31703)
    at Socket.<anonymous> (/snap/code/68/usr/share/code/resources/app/out/vs/workbench/services/extensions/node/extensionHostProcess.js:103:29468)
    at Socket.emit (events.js:327:22)
    at Socket.EventEmitter.emit (domain.js:467:12)
    at Pipe.<anonymous> (net.js:673:12)
[2021-07-14 04:36:30.736] [exthost] [error] Activating extension KnisterPeter.vscode-github failed due to an error:
[2021-07-14 04:36:30.736] [exthost] [error] Canceled: Canceled
    at Object.i [as canceled] (/snap/code/68/usr/share/code/resources/app/out/vs/workbench/services/extensions/node/extensionHostProcess.js:5:1157)
    at /snap/code/68/usr/share/code/resources/app/out/vs/workbench/services/extensions/node/extensionHostProcess.js:88:8146
    at Array.forEach (<anonymous>)
    at u.dispose (/snap/code/68/usr/share/code/resources/app/out/vs/workbench/services/extensions/node/extensionHostProcess.js:88:8094)
    at b.terminate (/snap/code/68/usr/share/code/resources/app/out/vs/workbench/services/extensions/node/extensionHostProcess.js:93:682)
    at h (/snap/code/68/usr/share/code/resources/app/out/vs/workbench/services/extensions/node/extensionHostProcess.js:103:31703)
    at Socket.<anonymous> (/snap/code/68/usr/share/code/resources/app/out/vs/workbench/services/extensions/node/extensionHostProcess.js:103:29468)
    at Socket.emit (events.js:327:22)
    at Socket.EventEmitter.emit (domain.js:467:12)
    at Pipe.<anonymous> (net.js:673:12)
[2021-07-14 04:36:30.736] [exthost] [error] Activating extension mblode.twig-language failed due to an error:
[2021-07-14 04:36:30.736] [exthost] [error] Canceled: Canceled
    at Object.i [as canceled] (/snap/code/68/usr/share/code/resources/app/out/vs/workbench/services/extensions/node/extensionHostProcess.js:5:1157)
    at /snap/code/68/usr/share/code/resources/app/out/vs/workbench/services/extensions/node/extensionHostProcess.js:88:8146
    at Array.forEach (<anonymous>)
    at u.dispose (/snap/code/68/usr/share/code/resources/app/out/vs/workbench/services/extensions/node/extensionHostProcess.js:88:8094)
    at b.terminate (/snap/code/68/usr/share/code/resources/app/out/vs/workbench/services/extensions/node/extensionHostProcess.js:93:682)
    at h (/snap/code/68/usr/share/code/resources/app/out/vs/workbench/services/extensions/node/extensionHostProcess.js:103:31703)
    at Socket.<anonymous> (/snap/code/68/usr/share/code/resources/app/out/vs/workbench/services/extensions/node/extensionHostProcess.js:103:29468)
    at Socket.emit (events.js:327:22)
    at Socket.EventEmitter.emit (domain.js:467:12)
    at Pipe.<anonymous> (net.js:673:12)
[2021-07-14 04:36:30.736] [exthost] [error] Activating extension mhutchie.git-graph failed due to an error:
[2021-07-14 04:36:30.736] [exthost] [error] Canceled: Canceled
    at Object.i [as canceled] (/snap/code/68/usr/share/code/resources/app/out/vs/workbench/services/extensions/node/extensionHostProcess.js:5:1157)
    at /snap/code/68/usr/share/code/resources/app/out/vs/workbench/services/extensions/node/extensionHostProcess.js:88:8146
    at Array.forEach (<anonymous>)
    at u.dispose (/snap/code/68/usr/share/code/resources/app/out/vs/workbench/services/extensions/node/extensionHostProcess.js:88:8094)
    at b.terminate (/snap/code/68/usr/share/code/resources/app/out/vs/workbench/services/extensions/node/extensionHostProcess.js:93:682)
    at h (/snap/code/68/usr/share/code/resources/app/out/vs/workbench/services/extensions/node/extensionHostProcess.js:103:31703)
    at Socket.<anonymous> (/snap/code/68/usr/share/code/resources/app/out/vs/workbench/services/extensions/node/extensionHostProcess.js:103:29468)
    at Socket.emit (events.js:327:22)
    at Socket.EventEmitter.emit (domain.js:467:12)
    at Pipe.<anonymous> (net.js:673:12)
[2021-07-14 04:36:30.736] [exthost] [error] Activating extension michelemelluso.gitignore failed due to an error:
[2021-07-14 04:36:30.737] [exthost] [error] Canceled: Canceled
    at Object.i [as canceled] (/snap/code/68/usr/share/code/resources/app/out/vs/workbench/services/extensions/node/extensionHostProcess.js:5:1157)
    at /snap/code/68/usr/share/code/resources/app/out/vs/workbench/services/extensions/node/extensionHostProcess.js:88:8146
    at Array.forEach (<anonymous>)
    at u.dispose (/snap/code/68/usr/share/code/resources/app/out/vs/workbench/services/extensions/node/extensionHostProcess.js:88:8094)
    at b.terminate (/snap/code/68/usr/share/code/resources/app/out/vs/workbench/services/extensions/node/extensionHostProcess.js:93:682)
    at h (/snap/code/68/usr/share/code/resources/app/out/vs/workbench/services/extensions/node/extensionHostProcess.js:103:31703)
    at Socket.<anonymous> (/snap/code/68/usr/share/code/resources/app/out/vs/workbench/services/extensions/node/extensionHostProcess.js:103:29468)
    at Socket.emit (events.js:327:22)
    at Socket.EventEmitter.emit (domain.js:467:12)
    at Pipe.<anonymous> (net.js:673:12)
[2021-07-14 04:36:30.737] [exthost] [error] Activating extension mkxml.vscode-filesize failed due to an error:
[2021-07-14 04:36:30.737] [exthost] [error] Canceled: Canceled
    at Object.i [as canceled] (/snap/code/68/usr/share/code/resources/app/out/vs/workbench/services/extensions/node/extensionHostProcess.js:5:1157)
    at /snap/code/68/usr/share/code/resources/app/out/vs/workbench/services/extensions/node/extensionHostProcess.js:88:8146
    at Array.forEach (<anonymous>)
    at u.dispose (/snap/code/68/usr/share/code/resources/app/out/vs/workbench/services/extensions/node/extensionHostProcess.js:88:8094)
    at b.terminate (/snap/code/68/usr/share/code/resources/app/out/vs/workbench/services/extensions/node/extensionHostProcess.js:93:682)
    at h (/snap/code/68/usr/share/code/resources/app/out/vs/workbench/services/extensions/node/extensionHostProcess.js:103:31703)
    at Socket.<anonymous> (/snap/code/68/usr/share/code/resources/app/out/vs/workbench/services/extensions/node/extensionHostProcess.js:103:29468)
    at Socket.emit (events.js:327:22)
    at Socket.EventEmitter.emit (domain.js:467:12)
    at Pipe.<anonymous> (net.js:673:12)
[2021-07-14 04:36:30.737] [exthost] [error] Activating extension ms-vscode.cpptools failed due to an error:
[2021-07-14 04:36:30.737] [exthost] [error] Canceled: Canceled
    at Object.i [as canceled] (/snap/code/68/usr/share/code/resources/app/out/vs/workbench/services/extensions/node/extensionHostProcess.js:5:1157)
    at /snap/code/68/usr/share/code/resources/app/out/vs/workbench/services/extensions/node/extensionHostProcess.js:88:8146
    at Array.forEach (<anonymous>)
    at u.dispose (/snap/code/68/usr/share/code/resources/app/out/vs/workbench/services/extensions/node/extensionHostProcess.js:88:8094)
    at b.terminate (/snap/code/68/usr/share/code/resources/app/out/vs/workbench/services/extensions/node/extensionHostProcess.js:93:682)
    at h (/snap/code/68/usr/share/code/resources/app/out/vs/workbench/services/extensions/node/extensionHostProcess.js:103:31703)
    at Socket.<anonymous> (/snap/code/68/usr/share/code/resources/app/out/vs/workbench/services/extensions/node/extensionHostProcess.js:103:29468)
    at Socket.emit (events.js:327:22)
    at Socket.EventEmitter.emit (domain.js:467:12)
    at Pipe.<anonymous> (net.js:673:12)
[2021-07-14 04:36:30.737] [exthost] [error] Activating extension ms-vsliveshare.vsliveshare failed due to an error:
[2021-07-14 04:36:30.737] [exthost] [error] Canceled: Canceled
    at Object.i [as canceled] (/snap/code/68/usr/share/code/resources/app/out/vs/workbench/services/extensions/node/extensionHostProcess.js:5:1157)
    at /snap/code/68/usr/share/code/resources/app/out/vs/workbench/services/extensions/node/extensionHostProcess.js:88:8146
    at Array.forEach (<anonymous>)
    at u.dispose (/snap/code/68/usr/share/code/resources/app/out/vs/workbench/services/extensions/node/extensionHostProcess.js:88:8094)
    at b.terminate (/snap/code/68/usr/share/code/resources/app/out/vs/workbench/services/extensions/node/extensionHostProcess.js:93:682)
    at h (/snap/code/68/usr/share/code/resources/app/out/vs/workbench/services/extensions/node/extensionHostProcess.js:103:31703)
    at Socket.<anonymous> (/snap/code/68/usr/share/code/resources/app/out/vs/workbench/services/extensions/node/extensionHostProcess.js:103:29468)
    at Socket.emit (events.js:327:22)
    at Socket.EventEmitter.emit (domain.js:467:12)
    at Pipe.<anonymous> (net.js:673:12)
[2021-07-14 04:36:30.738] [exthost] [error] Activating extension ms-vsonline.vsonline failed due to an error:
[2021-07-14 04:36:30.738] [exthost] [error] Canceled: Canceled
    at Object.i [as canceled] (/snap/code/68/usr/share/code/resources/app/out/vs/workbench/services/extensions/node/extensionHostProcess.js:5:1157)
    at /snap/code/68/usr/share/code/resources/app/out/vs/workbench/services/extensions/node/extensionHostProcess.js:88:8146
    at Array.forEach (<anonymous>)
    at u.dispose (/snap/code/68/usr/share/code/resources/app/out/vs/workbench/services/extensions/node/extensionHostProcess.js:88:8094)
    at b.terminate (/snap/code/68/usr/share/code/resources/app/out/vs/workbench/services/extensions/node/extensionHostProcess.js:93:682)
    at h (/snap/code/68/usr/share/code/resources/app/out/vs/workbench/services/extensions/node/extensionHostProcess.js:103:31703)
    at Socket.<anonymous> (/snap/code/68/usr/share/code/resources/app/out/vs/workbench/services/extensions/node/extensionHostProcess.js:103:29468)
    at Socket.emit (events.js:327:22)
    at Socket.EventEmitter.emit (domain.js:467:12)
    at Pipe.<anonymous> (net.js:673:12)
[2021-07-14 04:36:30.738] [exthost] [error] Activating extension mtxr.sqltools failed due to an error:
[2021-07-14 04:36:30.738] [exthost] [error] Canceled: Canceled
    at Object.i [as canceled] (/snap/code/68/usr/share/code/resources/app/out/vs/workbench/services/extensions/node/extensionHostProcess.js:5:1157)
    at /snap/code/68/usr/share/code/resources/app/out/vs/workbench/services/extensions/node/extensionHostProcess.js:88:8146
    at Array.forEach (<anonymous>)
    at u.dispose (/snap/code/68/usr/share/code/resources/app/out/vs/workbench/services/extensions/node/extensionHostProcess.js:88:8094)
    at b.terminate (/snap/code/68/usr/share/code/resources/app/out/vs/workbench/services/extensions/node/extensionHostProcess.js:93:682)
    at h (/snap/code/68/usr/share/code/resources/app/out/vs/workbench/services/extensions/node/extensionHostProcess.js:103:31703)
    at Socket.<anonymous> (/snap/code/68/usr/share/code/resources/app/out/vs/workbench/services/extensions/node/extensionHostProcess.js:103:29468)
    at Socket.emit (events.js:327:22)
    at Socket.EventEmitter.emit (domain.js:467:12)
    at Pipe.<anonymous> (net.js:673:12)
[2021-07-14 04:36:30.739] [exthost] [error] Activating extension nadim-vscode.symfony-code-snippets failed due to an error:
[2021-07-14 04:36:30.739] [exthost] [error] Canceled: Canceled
    at Object.i [as canceled] (/snap/code/68/usr/share/code/resources/app/out/vs/workbench/services/extensions/node/extensionHostProcess.js:5:1157)
    at /snap/code/68/usr/share/code/resources/app/out/vs/workbench/services/extensions/node/extensionHostProcess.js:88:8146
    at Array.forEach (<anonymous>)
    at u.dispose (/snap/code/68/usr/share/code/resources/app/out/vs/workbench/services/extensions/node/extensionHostProcess.js:88:8094)
    at b.terminate (/snap/code/68/usr/share/code/resources/app/out/vs/workbench/services/extensions/node/extensionHostProcess.js:93:682)
    at h (/snap/code/68/usr/share/code/resources/app/out/vs/workbench/services/extensions/node/extensionHostProcess.js:103:31703)
    at Socket.<anonymous> (/snap/code/68/usr/share/code/resources/app/out/vs/workbench/services/extensions/node/extensionHostProcess.js:103:29468)
    at Socket.emit (events.js:327:22)
    at Socket.EventEmitter.emit (domain.js:467:12)
    at Pipe.<anonymous> (net.js:673:12)
[2021-07-14 04:36:30.739] [exthost] [error] Activating extension nadim-vscode.symfony-super-console failed due to an error:
[2021-07-14 04:36:30.739] [exthost] [error] Canceled: Canceled
    at Object.i [as canceled] (/snap/code/68/usr/share/code/resources/app/out/vs/workbench/services/extensions/node/extensionHostProcess.js:5:1157)
    at /snap/code/68/usr/share/code/resources/app/out/vs/workbench/services/extensions/node/extensionHostProcess.js:88:8146
    at Array.forEach (<anonymous>)
    at u.dispose (/snap/code/68/usr/share/code/resources/app/out/vs/workbench/services/extensions/node/extensionHostProcess.js:88:8094)
    at b.terminate (/snap/code/68/usr/share/code/resources/app/out/vs/workbench/services/extensions/node/extensionHostProcess.js:93:682)
    at h (/snap/code/68/usr/share/code/resources/app/out/vs/workbench/services/extensions/node/extensionHostProcess.js:103:31703)
    at Socket.<anonymous> (/snap/code/68/usr/share/code/resources/app/out/vs/workbench/services/extensions/node/extensionHostProcess.js:103:29468)
    at Socket.emit (events.js:327:22)
    at Socket.EventEmitter.emit (domain.js:467:12)
    at Pipe.<anonymous> (net.js:673:12)
[2021-07-14 04:36:30.740] [exthost] [error] Activating extension PKief.material-icon-theme failed due to an error:
[2021-07-14 04:36:30.740] [exthost] [error] Canceled: Canceled
    at Object.i [as canceled] (/snap/code/68/usr/share/code/resources/app/out/vs/workbench/services/extensions/node/extensionHostProcess.js:5:1157)
    at /snap/code/68/usr/share/code/resources/app/out/vs/workbench/services/extensions/node/extensionHostProcess.js:88:8146
    at Array.forEach (<anonymous>)
    at u.dispose (/snap/code/68/usr/share/code/resources/app/out/vs/workbench/services/extensions/node/extensionHostProcess.js:88:8094)
    at b.terminate (/snap/code/68/usr/share/code/resources/app/out/vs/workbench/services/extensions/node/extensionHostProcess.js:93:682)
    at h (/snap/code/68/usr/share/code/resources/app/out/vs/workbench/services/extensions/node/extensionHostProcess.js:103:31703)
    at Socket.<anonymous> (/snap/code/68/usr/share/code/resources/app/out/vs/workbench/services/extensions/node/extensionHostProcess.js:103:29468)
    at Socket.emit (events.js:327:22)
    at Socket.EventEmitter.emit (domain.js:467:12)
    at Pipe.<anonymous> (net.js:673:12)
[2021-07-14 04:36:30.745] [exthost] [error] Activating extension ritwickdey.LiveServer failed due to an error:
[2021-07-14 04:36:30.745] [exthost] [error] Canceled: Canceled
    at Object.i [as canceled] (/snap/code/68/usr/share/code/resources/app/out/vs/workbench/services/extensions/node/extensionHostProcess.js:5:1157)
    at /snap/code/68/usr/share/code/resources/app/out/vs/workbench/services/extensions/node/extensionHostProcess.js:88:8146
    at Array.forEach (<anonymous>)
    at u.dispose (/snap/code/68/usr/share/code/resources/app/out/vs/workbench/services/extensions/node/extensionHostProcess.js:88:8094)
    at b.terminate (/snap/code/68/usr/share/code/resources/app/out/vs/workbench/services/extensions/node/extensionHostProcess.js:93:682)
    at h (/snap/code/68/usr/share/code/resources/app/out/vs/workbench/services/extensions/node/extensionHostProcess.js:103:31703)
    at Socket.<anonymous> (/snap/code/68/usr/share/code/resources/app/out/vs/workbench/services/extensions/node/extensionHostProcess.js:103:29468)
    at Socket.emit (events.js:327:22)
    at Socket.EventEmitter.emit (domain.js:467:12)
    at Pipe.<anonymous> (net.js:673:12)
[2021-07-14 04:36:30.746] [exthost] [error] Activating extension ryu1kn.text-marker failed due to an error:
[2021-07-14 04:36:30.746] [exthost] [error] Canceled: Canceled
    at Object.i [as canceled] (/snap/code/68/usr/share/code/resources/app/out/vs/workbench/services/extensions/node/extensionHostProcess.js:5:1157)
    at /snap/code/68/usr/share/code/resources/app/out/vs/workbench/services/extensions/node/extensionHostProcess.js:88:8146
    at Array.forEach (<anonymous>)
    at u.dispose (/snap/code/68/usr/share/code/resources/app/out/vs/workbench/services/extensions/node/extensionHostProcess.js:88:8094)
    at b.terminate (/snap/code/68/usr/share/code/resources/app/out/vs/workbench/services/extensions/node/extensionHostProcess.js:93:682)
    at h (/snap/code/68/usr/share/code/resources/app/out/vs/workbench/services/extensions/node/extensionHostProcess.js:103:31703)
    at Socket.<anonymous> (/snap/code/68/usr/share/code/resources/app/out/vs/workbench/services/extensions/node/extensionHostProcess.js:103:29468)
    at Socket.emit (events.js:327:22)
    at Socket.EventEmitter.emit (domain.js:467:12)
    at Pipe.<anonymous> (net.js:673:12)
[2021-07-14 04:36:30.747] [exthost] [error] Activating extension shardulm94.trailing-spaces failed due to an error:
[2021-07-14 04:36:30.747] [exthost] [error] Canceled: Canceled
    at Object.i [as canceled] (/snap/code/68/usr/share/code/resources/app/out/vs/workbench/services/extensions/node/extensionHostProcess.js:5:1157)
    at /snap/code/68/usr/share/code/resources/app/out/vs/workbench/services/extensions/node/extensionHostProcess.js:88:8146
    at Array.forEach (<anonymous>)
    at u.dispose (/snap/code/68/usr/share/code/resources/app/out/vs/workbench/services/extensions/node/extensionHostProcess.js:88:8094)
    at b.terminate (/snap/code/68/usr/share/code/resources/app/out/vs/workbench/services/extensions/node/extensionHostProcess.js:93:682)
    at h (/snap/code/68/usr/share/code/resources/app/out/vs/workbench/services/extensions/node/extensionHostProcess.js:103:31703)
    at Socket.<anonymous> (/snap/code/68/usr/share/code/resources/app/out/vs/workbench/services/extensions/node/extensionHostProcess.js:103:29468)
    at Socket.emit (events.js:327:22)
    at Socket.EventEmitter.emit (domain.js:467:12)
    at Pipe.<anonymous> (net.js:673:12)
[2021-07-14 04:36:30.747] [exthost] [error] Activating extension shyykoserhiy.git-autoconfig failed due to an error:
[2021-07-14 04:36:30.747] [exthost] [error] Canceled: Canceled
    at Object.i [as canceled] (/snap/code/68/usr/share/code/resources/app/out/vs/workbench/services/extensions/node/extensionHostProcess.js:5:1157)
    at /snap/code/68/usr/share/code/resources/app/out/vs/workbench/services/extensions/node/extensionHostProcess.js:88:8146
    at Array.forEach (<anonymous>)
    at u.dispose (/snap/code/68/usr/share/code/resources/app/out/vs/workbench/services/extensions/node/extensionHostProcess.js:88:8094)
    at b.terminate (/snap/code/68/usr/share/code/resources/app/out/vs/workbench/services/extensions/node/extensionHostProcess.js:93:682)
    at h (/snap/code/68/usr/share/code/resources/app/out/vs/workbench/services/extensions/node/extensionHostProcess.js:103:31703)
    at Socket.<anonymous> (/snap/code/68/usr/share/code/resources/app/out/vs/workbench/services/extensions/node/extensionHostProcess.js:103:29468)
    at Socket.emit (events.js:327:22)
    at Socket.EventEmitter.emit (domain.js:467:12)
    at Pipe.<anonymous> (net.js:673:12)
[2021-07-14 04:36:30.747] [exthost] [error] Activating extension Sophisticode.php-formatter failed due to an error:
[2021-07-14 04:36:30.747] [exthost] [error] Canceled: Canceled
    at Object.i [as canceled] (/snap/code/68/usr/share/code/resources/app/out/vs/workbench/services/extensions/node/extensionHostProcess.js:5:1157)
    at /snap/code/68/usr/share/code/resources/app/out/vs/workbench/services/extensions/node/extensionHostProcess.js:88:8146
    at Array.forEach (<anonymous>)
    at u.dispose (/snap/code/68/usr/share/code/resources/app/out/vs/workbench/services/extensions/node/extensionHostProcess.js:88:8094)
    at b.terminate (/snap/code/68/usr/share/code/resources/app/out/vs/workbench/services/extensions/node/extensionHostProcess.js:93:682)
    at h (/snap/code/68/usr/share/code/resources/app/out/vs/workbench/services/extensions/node/extensionHostProcess.js:103:31703)
    at Socket.<anonymous> (/snap/code/68/usr/share/code/resources/app/out/vs/workbench/services/extensions/node/extensionHostProcess.js:103:29468)
    at Socket.emit (events.js:327:22)
    at Socket.EventEmitter.emit (domain.js:467:12)
    at Pipe.<anonymous> (net.js:673:12)
[2021-07-14 04:36:30.748] [exthost] [error] Activating extension vincaslt.highlight-matching-tag failed due to an error:
[2021-07-14 04:36:30.748] [exthost] [error] Canceled: Canceled
    at Object.i [as canceled] (/snap/code/68/usr/share/code/resources/app/out/vs/workbench/services/extensions/node/extensionHostProcess.js:5:1157)
    at /snap/code/68/usr/share/code/resources/app/out/vs/workbench/services/extensions/node/extensionHostProcess.js:88:8146
    at Array.forEach (<anonymous>)
    at u.dispose (/snap/code/68/usr/share/code/resources/app/out/vs/workbench/services/extensions/node/extensionHostProcess.js:88:8094)
    at b.terminate (/snap/code/68/usr/share/code/resources/app/out/vs/workbench/services/extensions/node/extensionHostProcess.js:93:682)
    at h (/snap/code/68/usr/share/code/resources/app/out/vs/workbench/services/extensions/node/extensionHostProcess.js:103:31703)
    at Socket.<anonymous> (/snap/code/68/usr/share/code/resources/app/out/vs/workbench/services/extensions/node/extensionHostProcess.js:103:29468)
    at Socket.emit (events.js:327:22)
    at Socket.EventEmitter.emit (domain.js:467:12)
    at Pipe.<anonymous> (net.js:673:12)
[2021-07-14 04:36:30.748] [exthost] [error] Activating extension wayou.vscode-todo-highlight failed due to an error:
[2021-07-14 04:36:30.748] [exthost] [error] Canceled: Canceled
    at Object.i [as canceled] (/snap/code/68/usr/share/code/resources/app/out/vs/workbench/services/extensions/node/extensionHostProcess.js:5:1157)
    at /snap/code/68/usr/share/code/resources/app/out/vs/workbench/services/extensions/node/extensionHostProcess.js:88:8146
    at Array.forEach (<anonymous>)
    at u.dispose (/snap/code/68/usr/share/code/resources/app/out/vs/workbench/services/extensions/node/extensionHostProcess.js:88:8094)
    at b.terminate (/snap/code/68/usr/share/code/resources/app/out/vs/workbench/services/extensions/node/extensionHostProcess.js:93:682)
    at h (/snap/code/68/usr/share/code/resources/app/out/vs/workbench/services/extensions/node/extensionHostProcess.js:103:31703)
    at Socket.<anonymous> (/snap/code/68/usr/share/code/resources/app/out/vs/workbench/services/extensions/node/extensionHostProcess.js:103:29468)
    at Socket.emit (events.js:327:22)
    at Socket.EventEmitter.emit (domain.js:467:12)
    at Pipe.<anonymous> (net.js:673:12)
[2021-07-14 04:36:30.748] [exthost] [error] Activating extension Zignd.html-css-class-completion failed due to an error:
[2021-07-14 04:36:30.748] [exthost] [error] Canceled: Canceled
    at Object.i [as canceled] (/snap/code/68/usr/share/code/resources/app/out/vs/workbench/services/extensions/node/extensionHostProcess.js:5:1157)
    at /snap/code/68/usr/share/code/resources/app/out/vs/workbench/services/extensions/node/extensionHostProcess.js:88:8146
    at Array.forEach (<anonymous>)
    at u.dispose (/snap/code/68/usr/share/code/resources/app/out/vs/workbench/services/extensions/node/extensionHostProcess.js:88:8094)
    at b.terminate (/snap/code/68/usr/share/code/resources/app/out/vs/workbench/services/extensions/node/extensionHostProcess.js:93:682)
    at h (/snap/code/68/usr/share/code/resources/app/out/vs/workbench/services/extensions/node/extensionHostProcess.js:103:31703)
    at Socket.<anonymous> (/snap/code/68/usr/share/code/resources/app/out/vs/workbench/services/extensions/node/extensionHostProcess.js:103:29468)
    at Socket.emit (events.js:327:22)
    at Socket.EventEmitter.emit (domain.js:467:12)
    at Pipe.<anonymous> (net.js:673:12)
[2021-07-14 04:36:30.751] [exthost] [info] eager extensions activated
[2021-07-14 04:36:30.751] [exthost] [error] Activating extension vscode.emmet failed due to an error:
[2021-07-14 04:36:30.751] [exthost] [error] Canceled: Canceled
    at Object.i [as canceled] (/snap/code/68/usr/share/code/resources/app/out/vs/workbench/services/extensions/node/extensionHostProcess.js:5:1157)
    at u._remoteCall (/snap/code/68/usr/share/code/resources/app/out/vs/workbench/services/extensions/node/extensionHostProcess.js:88:12817)
    at Proxy._.<computed>.D.charCodeAt._.<computed> (/snap/code/68/usr/share/code/resources/app/out/vs/workbench/services/extensions/node/extensionHostProcess.js:88:9349)
    at c._activateExtension (/snap/code/68/usr/share/code/resources/app/out/vs/workbench/services/extensions/node/extensionHostProcess.js:89:11613)
    at Object.actualActivateExtension (/snap/code/68/usr/share/code/resources/app/out/vs/workbench/services/extensions/node/extensionHostProcess.js:89:9202)
    at d._activateExtension (/snap/code/68/usr/share/code/resources/app/out/vs/workbench/services/extensions/node/extensionHostProcess.js:84:97724)
    at /snap/code/68/usr/share/code/resources/app/out/vs/workbench/services/extensions/node/extensionHostProcess.js:84:97406
    at Array.map (<anonymous>)
    at d._activateExtensions (/snap/code/68/usr/share/code/resources/app/out/vs/workbench/services/extensions/node/extensionHostProcess.js:84:97394)
    at d.activateById (/snap/code/68/usr/share/code/resources/app/out/vs/workbench/services/extensions/node/extensionHostProcess.js:84:95024)
    at c._activateById (/snap/code/68/usr/share/code/resources/app/out/vs/workbench/services/extensions/node/extensionHostProcess.js:89:10204)
    at c._activateOneStartupFinished (/snap/code/68/usr/share/code/resources/app/out/vs/workbench/services/extensions/node/extensionHostProcess.js:89:15096)
    at c._activateAllStartupFinished (/snap/code/68/usr/share/code/resources/app/out/vs/workbench/services/extensions/node/extensionHostProcess.js:89:15467)
    at /snap/code/68/usr/share/code/resources/app/out/vs/workbench/services/extensions/node/extensionHostProcess.js:89:15956
[2021-07-14 04:36:30.751] [exthost] [error] Activating extension vscode.merge-conflict failed due to an error:
[2021-07-14 04:36:30.751] [exthost] [error] Canceled: Canceled
    at Object.i [as canceled] (/snap/code/68/usr/share/code/resources/app/out/vs/workbench/services/extensions/node/extensionHostProcess.js:5:1157)
    at u._remoteCall (/snap/code/68/usr/share/code/resources/app/out/vs/workbench/services/extensions/node/extensionHostProcess.js:88:12817)
    at Proxy._.<computed>.D.charCodeAt._.<computed> (/snap/code/68/usr/share/code/resources/app/out/vs/workbench/services/extensions/node/extensionHostProcess.js:88:9349)
    at c._activateExtension (/snap/code/68/usr/share/code/resources/app/out/vs/workbench/services/extensions/node/extensionHostProcess.js:89:11613)
    at Object.actualActivateExtension (/snap/code/68/usr/share/code/resources/app/out/vs/workbench/services/extensions/node/extensionHostProcess.js:89:9202)
    at d._activateExtension (/snap/code/68/usr/share/code/resources/app/out/vs/workbench/services/extensions/node/extensionHostProcess.js:84:97724)
    at /snap/code/68/usr/share/code/resources/app/out/vs/workbench/services/extensions/node/extensionHostProcess.js:84:97406
    at Array.map (<anonymous>)
    at d._activateExtensions (/snap/code/68/usr/share/code/resources/app/out/vs/workbench/services/extensions/node/extensionHostProcess.js:84:97394)
    at d.activateById (/snap/code/68/usr/share/code/resources/app/out/vs/workbench/services/extensions/node/extensionHostProcess.js:84:95024)
    at c._activateById (/snap/code/68/usr/share/code/resources/app/out/vs/workbench/services/extensions/node/extensionHostProcess.js:89:10204)
    at c._activateOneStartupFinished (/snap/code/68/usr/share/code/resources/app/out/vs/workbench/services/extensions/node/extensionHostProcess.js:89:15096)
    at c._activateAllStartupFinished (/snap/code/68/usr/share/code/resources/app/out/vs/workbench/services/extensions/node/extensionHostProcess.js:89:15467)
    at /snap/code/68/usr/share/code/resources/app/out/vs/workbench/services/extensions/node/extensionHostProcess.js:89:15956
[2021-07-14 04:36:30.752] [exthost] [error] Activating extension vscode.testing-editor-contributions failed due to an error:
[2021-07-14 04:36:30.752] [exthost] [error] Canceled: Canceled
    at Object.i [as canceled] (/snap/code/68/usr/share/code/resources/app/out/vs/workbench/services/extensions/node/extensionHostProcess.js:5:1157)
    at u._remoteCall (/snap/code/68/usr/share/code/resources/app/out/vs/workbench/services/extensions/node/extensionHostProcess.js:88:12817)
    at Proxy._.<computed>.D.charCodeAt._.<computed> (/snap/code/68/usr/share/code/resources/app/out/vs/workbench/services/extensions/node/extensionHostProcess.js:88:9349)
    at c._activateExtension (/snap/code/68/usr/share/code/resources/app/out/vs/workbench/services/extensions/node/extensionHostProcess.js:89:11613)
    at Object.actualActivateExtension (/snap/code/68/usr/share/code/resources/app/out/vs/workbench/services/extensions/node/extensionHostProcess.js:89:9202)
    at d._activateExtension (/snap/code/68/usr/share/code/resources/app/out/vs/workbench/services/extensions/node/extensionHostProcess.js:84:97724)
    at /snap/code/68/usr/share/code/resources/app/out/vs/workbench/services/extensions/node/extensionHostProcess.js:84:97406
    at Array.map (<anonymous>)
    at d._activateExtensions (/snap/code/68/usr/share/code/resources/app/out/vs/workbench/services/extensions/node/extensionHostProcess.js:84:97394)
    at d.activateById (/snap/code/68/usr/share/code/resources/app/out/vs/workbench/services/extensions/node/extensionHostProcess.js:84:95024)
    at c._activateById (/snap/code/68/usr/share/code/resources/app/out/vs/workbench/services/extensions/node/extensionHostProcess.js:89:10204)
    at c._activateOneStartupFinished (/snap/code/68/usr/share/code/resources/app/out/vs/workbench/services/extensions/node/extensionHostProcess.js:89:15096)
    at c._activateAllStartupFinished (/snap/code/68/usr/share/code/resources/app/out/vs/workbench/services/extensions/node/extensionHostProcess.js:89:15467)
    at /snap/code/68/usr/share/code/resources/app/out/vs/workbench/services/extensions/node/extensionHostProcess.js:89:15956
[2021-07-14 04:36:30.752] [exthost] [error] Activating extension akiramiyakoda.cppincludeguard failed due to an error:
[2021-07-14 04:36:30.752] [exthost] [error] Canceled: Canceled
    at Object.i [as canceled] (/snap/code/68/usr/share/code/resources/app/out/vs/workbench/services/extensions/node/extensionHostProcess.js:5:1157)
    at u._remoteCall (/snap/code/68/usr/share/code/resources/app/out/vs/workbench/services/extensions/node/extensionHostProcess.js:88:12817)
    at Proxy._.<computed>.D.charCodeAt._.<computed> (/snap/code/68/usr/share/code/resources/app/out/vs/workbench/services/extensions/node/extensionHostProcess.js:88:9349)
    at c._activateExtension (/snap/code/68/usr/share/code/resources/app/out/vs/workbench/services/extensions/node/extensionHostProcess.js:89:11613)
    at Object.actualActivateExtension (/snap/code/68/usr/share/code/resources/app/out/vs/workbench/services/extensions/node/extensionHostProcess.js:89:9202)
    at d._activateExtension (/snap/code/68/usr/share/code/resources/app/out/vs/workbench/services/extensions/node/extensionHostProcess.js:84:97724)
    at /snap/code/68/usr/share/code/resources/app/out/vs/workbench/services/extensions/node/extensionHostProcess.js:84:97406
    at Array.map (<anonymous>)
    at d._activateExtensions (/snap/code/68/usr/share/code/resources/app/out/vs/workbench/services/extensions/node/extensionHostProcess.js:84:97394)
    at d.activateById (/snap/code/68/usr/share/code/resources/app/out/vs/workbench/services/extensions/node/extensionHostProcess.js:84:95024)
    at c._activateById (/snap/code/68/usr/share/code/resources/app/out/vs/workbench/services/extensions/node/extensionHostProcess.js:89:10204)
    at c._activateOneStartupFinished (/snap/code/68/usr/share/code/resources/app/out/vs/workbench/services/extensions/node/extensionHostProcess.js:89:15096)
    at c._activateAllStartupFinished (/snap/code/68/usr/share/code/resources/app/out/vs/workbench/services/extensions/node/extensionHostProcess.js:89:15467)
    at /snap/code/68/usr/share/code/resources/app/out/vs/workbench/services/extensions/node/extensionHostProcess.js:89:15956
[2021-07-14 04:36:30.753] [exthost] [error] Activating extension CoenraadS.bracket-pair-colorizer-2 failed due to an error:
[2021-07-14 04:36:30.753] [exthost] [error] Canceled: Canceled
    at Object.i [as canceled] (/snap/code/68/usr/share/code/resources/app/out/vs/workbench/services/extensions/node/extensionHostProcess.js:5:1157)
    at u._remoteCall (/snap/code/68/usr/share/code/resources/app/out/vs/workbench/services/extensions/node/extensionHostProcess.js:88:12817)
    at Proxy._.<computed>.D.charCodeAt._.<computed> (/snap/code/68/usr/share/code/resources/app/out/vs/workbench/services/extensions/node/extensionHostProcess.js:88:9349)
    at c._activateExtension (/snap/code/68/usr/share/code/resources/app/out/vs/workbench/services/extensions/node/extensionHostProcess.js:89:11613)
    at Object.actualActivateExtension (/snap/code/68/usr/share/code/resources/app/out/vs/workbench/services/extensions/node/extensionHostProcess.js:89:9202)
    at d._activateExtension (/snap/code/68/usr/share/code/resources/app/out/vs/workbench/services/extensions/node/extensionHostProcess.js:84:97724)
    at /snap/code/68/usr/share/code/resources/app/out/vs/workbench/services/extensions/node/extensionHostProcess.js:84:97406
    at Array.map (<anonymous>)
    at d._activateExtensions (/snap/code/68/usr/share/code/resources/app/out/vs/workbench/services/extensions/node/extensionHostProcess.js:84:97394)
    at d.activateById (/snap/code/68/usr/share/code/resources/app/out/vs/workbench/services/extensions/node/extensionHostProcess.js:84:95024)
    at c._activateById (/snap/code/68/usr/share/code/resources/app/out/vs/workbench/services/extensions/node/extensionHostProcess.js:89:10204)
    at c._activateOneStartupFinished (/snap/code/68/usr/share/code/resources/app/out/vs/workbench/services/extensions/node/extensionHostProcess.js:89:15096)
    at c._activateAllStartupFinished (/snap/code/68/usr/share/code/resources/app/out/vs/workbench/services/extensions/node/extensionHostProcess.js:89:15467)
    at /snap/code/68/usr/share/code/resources/app/out/vs/workbench/services/extensions/node/extensionHostProcess.js:89:15956
[2021-07-14 04:36:30.753] [exthost] [error] Activating extension dbaeumer.vscode-eslint failed due to an error:
[2021-07-14 04:36:30.753] [exthost] [error] Canceled: Canceled
    at Object.i [as canceled] (/snap/code/68/usr/share/code/resources/app/out/vs/workbench/services/extensions/node/extensionHostProcess.js:5:1157)
    at u._remoteCall (/snap/code/68/usr/share/code/resources/app/out/vs/workbench/services/extensions/node/extensionHostProcess.js:88:12817)
    at Proxy._.<computed>.D.charCodeAt._.<computed> (/snap/code/68/usr/share/code/resources/app/out/vs/workbench/services/extensions/node/extensionHostProcess.js:88:9349)
    at c._activateExtension (/snap/code/68/usr/share/code/resources/app/out/vs/workbench/services/extensions/node/extensionHostProcess.js:89:11613)
    at Object.actualActivateExtension (/snap/code/68/usr/share/code/resources/app/out/vs/workbench/services/extensions/node/extensionHostProcess.js:89:9202)
    at d._activateExtension (/snap/code/68/usr/share/code/resources/app/out/vs/workbench/services/extensions/node/extensionHostProcess.js:84:97724)
    at /snap/code/68/usr/share/code/resources/app/out/vs/workbench/services/extensions/node/extensionHostProcess.js:84:97406
    at Array.map (<anonymous>)
    at d._activateExtensions (/snap/code/68/usr/share/code/resources/app/out/vs/workbench/services/extensions/node/extensionHostProcess.js:84:97394)
    at d.activateById (/snap/code/68/usr/share/code/resources/app/out/vs/workbench/services/extensions/node/extensionHostProcess.js:84:95024)
    at c._activateById (/snap/code/68/usr/share/code/resources/app/out/vs/workbench/services/extensions/node/extensionHostProcess.js:89:10204)
    at c._activateOneStartupFinished (/snap/code/68/usr/share/code/resources/app/out/vs/workbench/services/extensions/node/extensionHostProcess.js:89:15096)
    at c._activateAllStartupFinished (/snap/code/68/usr/share/code/resources/app/out/vs/workbench/services/extensions/node/extensionHostProcess.js:89:15467)
    at /snap/code/68/usr/share/code/resources/app/out/vs/workbench/services/extensions/node/extensionHostProcess.js:89:15956
[2021-07-14 04:36:30.753] [exthost] [error] Activating extension eamodio.gitlens failed due to an error:
[2021-07-14 04:36:30.753] [exthost] [error] Canceled: Canceled
    at Object.i [as canceled] (/snap/code/68/usr/share/code/resources/app/out/vs/workbench/services/extensions/node/extensionHostProcess.js:5:1157)
    at u._remoteCall (/snap/code/68/usr/share/code/resources/app/out/vs/workbench/services/extensions/node/extensionHostProcess.js:88:12817)
    at Proxy._.<computed>.D.charCodeAt._.<computed> (/snap/code/68/usr/share/code/resources/app/out/vs/workbench/services/extensions/node/extensionHostProcess.js:88:9349)
    at c._activateExtension (/snap/code/68/usr/share/code/resources/app/out/vs/workbench/services/extensions/node/extensionHostProcess.js:89:11613)
    at Object.actualActivateExtension (/snap/code/68/usr/share/code/resources/app/out/vs/workbench/services/extensions/node/extensionHostProcess.js:89:9202)
    at d._activateExtension (/snap/code/68/usr/share/code/resources/app/out/vs/workbench/services/extensions/node/extensionHostProcess.js:84:97724)
    at /snap/code/68/usr/share/code/resources/app/out/vs/workbench/services/extensions/node/extensionHostProcess.js:84:97406
    at Array.map (<anonymous>)
    at d._activateExtensions (/snap/code/68/usr/share/code/resources/app/out/vs/workbench/services/extensions/node/extensionHostProcess.js:84:97394)
    at d.activateById (/snap/code/68/usr/share/code/resources/app/out/vs/workbench/services/extensions/node/extensionHostProcess.js:84:95024)
    at c._activateById (/snap/code/68/usr/share/code/resources/app/out/vs/workbench/services/extensions/node/extensionHostProcess.js:89:10204)
    at c._activateOneStartupFinished (/snap/code/68/usr/share/code/resources/app/out/vs/workbench/services/extensions/node/extensionHostProcess.js:89:15096)
    at c._activateAllStartupFinished (/snap/code/68/usr/share/code/resources/app/out/vs/workbench/services/extensions/node/extensionHostProcess.js:89:15467)
    at /snap/code/68/usr/share/code/resources/app/out/vs/workbench/services/extensions/node/extensionHostProcess.js:89:15956
[2021-07-14 04:36:30.754] [exthost] [error] Activating extension esbenp.prettier-vscode failed due to an error:
[2021-07-14 04:36:30.754] [exthost] [error] Canceled: Canceled
    at Object.i [as canceled] (/snap/code/68/usr/share/code/resources/app/out/vs/workbench/services/extensions/node/extensionHostProcess.js:5:1157)
    at u._remoteCall (/snap/code/68/usr/share/code/resources/app/out/vs/workbench/services/extensions/node/extensionHostProcess.js:88:12817)
    at Proxy._.<computed>.D.charCodeAt._.<computed> (/snap/code/68/usr/share/code/resources/app/out/vs/workbench/services/extensions/node/extensionHostProcess.js:88:9349)
    at c._activateExtension (/snap/code/68/usr/share/code/resources/app/out/vs/workbench/services/extensions/node/extensionHostProcess.js:89:11613)
    at Object.actualActivateExtension (/snap/code/68/usr/share/code/resources/app/out/vs/workbench/services/extensions/node/extensionHostProcess.js:89:9202)
    at d._activateExtension (/snap/code/68/usr/share/code/resources/app/out/vs/workbench/services/extensions/node/extensionHostProcess.js:84:97724)
    at /snap/code/68/usr/share/code/resources/app/out/vs/workbench/services/extensions/node/extensionHostProcess.js:84:97406
    at Array.map (<anonymous>)
    at d._activateExtensions (/snap/code/68/usr/share/code/resources/app/out/vs/workbench/services/extensions/node/extensionHostProcess.js:84:97394)
    at d.activateById (/snap/code/68/usr/share/code/resources/app/out/vs/workbench/services/extensions/node/extensionHostProcess.js:84:95024)
    at c._activateById (/snap/code/68/usr/share/code/resources/app/out/vs/workbench/services/extensions/node/extensionHostProcess.js:89:10204)
    at c._activateOneStartupFinished (/snap/code/68/usr/share/code/resources/app/out/vs/workbench/services/extensions/node/extensionHostProcess.js:89:15096)
    at c._activateAllStartupFinished (/snap/code/68/usr/share/code/resources/app/out/vs/workbench/services/extensions/node/extensionHostProcess.js:89:15467)
    at /snap/code/68/usr/share/code/resources/app/out/vs/workbench/services/extensions/node/extensionHostProcess.js:89:15956
[2021-07-14 04:36:30.754] [exthost] [error] Activating extension formulahendry.code-runner failed due to an error:
[2021-07-14 04:36:30.754] [exthost] [error] Canceled: Canceled
    at Object.i [as canceled] (/snap/code/68/usr/share/code/resources/app/out/vs/workbench/services/extensions/node/extensionHostProcess.js:5:1157)
    at u._remoteCall (/snap/code/68/usr/share/code/resources/app/out/vs/workbench/services/extensions/node/extensionHostProcess.js:88:12817)
    at Proxy._.<computed>.D.charCodeAt._.<computed> (/snap/code/68/usr/share/code/resources/app/out/vs/workbench/services/extensions/node/extensionHostProcess.js:88:9349)
    at c._activateExtension (/snap/code/68/usr/share/code/resources/app/out/vs/workbench/services/extensions/node/extensionHostProcess.js:89:11613)
    at Object.actualActivateExtension (/snap/code/68/usr/share/code/resources/app/out/vs/workbench/services/extensions/node/extensionHostProcess.js:89:9202)
    at d._activateExtension (/snap/code/68/usr/share/code/resources/app/out/vs/workbench/services/extensions/node/extensionHostProcess.js:84:97724)
    at /snap/code/68/usr/share/code/resources/app/out/vs/workbench/services/extensions/node/extensionHostProcess.js:84:97406
    at Array.map (<anonymous>)
    at d._activateExtensions (/snap/code/68/usr/share/code/resources/app/out/vs/workbench/services/extensions/node/extensionHostProcess.js:84:97394)
    at d.activateById (/snap/code/68/usr/share/code/resources/app/out/vs/workbench/services/extensions/node/extensionHostProcess.js:84:95024)
    at c._activateById (/snap/code/68/usr/share/code/resources/app/out/vs/workbench/services/extensions/node/extensionHostProcess.js:89:10204)
    at c._activateOneStartupFinished (/snap/code/68/usr/share/code/resources/app/out/vs/workbench/services/extensions/node/extensionHostProcess.js:89:15096)
    at c._activateAllStartupFinished (/snap/code/68/usr/share/code/resources/app/out/vs/workbench/services/extensions/node/extensionHostProcess.js:89:15467)
    at /snap/code/68/usr/share/code/resources/app/out/vs/workbench/services/extensions/node/extensionHostProcess.js:89:15956
[2021-07-14 04:36:30.754] [exthost] [error] Activating extension Gruntfuggly.todo-tree failed due to an error:
[2021-07-14 04:36:30.754] [exthost] [error] Canceled: Canceled
    at Object.i [as canceled] (/snap/code/68/usr/share/code/resources/app/out/vs/workbench/services/extensions/node/extensionHostProcess.js:5:1157)
    at u._remoteCall (/snap/code/68/usr/share/code/resources/app/out/vs/workbench/services/extensions/node/extensionHostProcess.js:88:12817)
    at Proxy._.<computed>.D.charCodeAt._.<computed> (/snap/code/68/usr/share/code/resources/app/out/vs/workbench/services/extensions/node/extensionHostProcess.js:88:9349)
    at c._activateExtension (/snap/code/68/usr/share/code/resources/app/out/vs/workbench/services/extensions/node/extensionHostProcess.js:89:11613)
    at Object.actualActivateExtension (/snap/code/68/usr/share/code/resources/app/out/vs/workbench/services/extensions/node/extensionHostProcess.js:89:9202)
    at d._activateExtension (/snap/code/68/usr/share/code/resources/app/out/vs/workbench/services/extensions/node/extensionHostProcess.js:84:97724)
    at /snap/code/68/usr/share/code/resources/app/out/vs/workbench/services/extensions/node/extensionHostProcess.js:84:97406
    at Array.map (<anonymous>)
    at d._activateExtensions (/snap/code/68/usr/share/code/resources/app/out/vs/workbench/services/extensions/node/extensionHostProcess.js:84:97394)
    at d.activateById (/snap/code/68/usr/share/code/resources/app/out/vs/workbench/services/extensions/node/extensionHostProcess.js:84:95024)
    at c._activateById (/snap/code/68/usr/share/code/resources/app/out/vs/workbench/services/extensions/node/extensionHostProcess.js:89:10204)
    at c._activateOneStartupFinished (/snap/code/68/usr/share/code/resources/app/out/vs/workbench/services/extensions/node/extensionHostProcess.js:89:15096)
    at c._activateAllStartupFinished (/snap/code/68/usr/share/code/resources/app/out/vs/workbench/services/extensions/node/extensionHostProcess.js:89:15467)
    at /snap/code/68/usr/share/code/resources/app/out/vs/workbench/services/extensions/node/extensionHostProcess.js:89:15956
[2021-07-14 04:36:30.754] [exthost] [error] Activating extension ms-vscode-remote.remote-containers failed due to an error:
[2021-07-14 04:36:30.754] [exthost] [error] Canceled: Canceled
    at Object.i [as canceled] (/snap/code/68/usr/share/code/resources/app/out/vs/workbench/services/extensions/node/extensionHostProcess.js:5:1157)
    at u._remoteCall (/snap/code/68/usr/share/code/resources/app/out/vs/workbench/services/extensions/node/extensionHostProcess.js:88:12817)
    at Proxy._.<computed>.D.charCodeAt._.<computed> (/snap/code/68/usr/share/code/resources/app/out/vs/workbench/services/extensions/node/extensionHostProcess.js:88:9349)
    at c._activateExtension (/snap/code/68/usr/share/code/resources/app/out/vs/workbench/services/extensions/node/extensionHostProcess.js:89:11613)
    at Object.actualActivateExtension (/snap/code/68/usr/share/code/resources/app/out/vs/workbench/services/extensions/node/extensionHostProcess.js:89:9202)
    at d._activateExtension (/snap/code/68/usr/share/code/resources/app/out/vs/workbench/services/extensions/node/extensionHostProcess.js:84:97724)
    at /snap/code/68/usr/share/code/resources/app/out/vs/workbench/services/extensions/node/extensionHostProcess.js:84:97406
    at Array.map (<anonymous>)
    at d._activateExtensions (/snap/code/68/usr/share/code/resources/app/out/vs/workbench/services/extensions/node/extensionHostProcess.js:84:97394)
    at d.activateById (/snap/code/68/usr/share/code/resources/app/out/vs/workbench/services/extensions/node/extensionHostProcess.js:84:95024)
    at c._activateById (/snap/code/68/usr/share/code/resources/app/out/vs/workbench/services/extensions/node/extensionHostProcess.js:89:10204)
    at c._activateOneStartupFinished (/snap/code/68/usr/share/code/resources/app/out/vs/workbench/services/extensions/node/extensionHostProcess.js:89:15096)
    at c._activateAllStartupFinished (/snap/code/68/usr/share/code/resources/app/out/vs/workbench/services/extensions/node/extensionHostProcess.js:89:15467)
    at /snap/code/68/usr/share/code/resources/app/out/vs/workbench/services/extensions/node/extensionHostProcess.js:89:15956
[2021-07-14 04:36:30.755] [exthost] [error] Activating extension ms-vscode-remote.remote-wsl failed due to an error:
[2021-07-14 04:36:30.755] [exthost] [error] Canceled: Canceled
    at Object.i [as canceled] (/snap/code/68/usr/share/code/resources/app/out/vs/workbench/services/extensions/node/extensionHostProcess.js:5:1157)
    at u._remoteCall (/snap/code/68/usr/share/code/resources/app/out/vs/workbench/services/extensions/node/extensionHostProcess.js:88:12817)
    at Proxy._.<computed>.D.charCodeAt._.<computed> (/snap/code/68/usr/share/code/resources/app/out/vs/workbench/services/extensions/node/extensionHostProcess.js:88:9349)
    at c._activateExtension (/snap/code/68/usr/share/code/resources/app/out/vs/workbench/services/extensions/node/extensionHostProcess.js:89:11613)
    at Object.actualActivateExtension (/snap/code/68/usr/share/code/resources/app/out/vs/workbench/services/extensions/node/extensionHostProcess.js:89:9202)
    at d._activateExtension (/snap/code/68/usr/share/code/resources/app/out/vs/workbench/services/extensions/node/extensionHostProcess.js:84:97724)
    at /snap/code/68/usr/share/code/resources/app/out/vs/workbench/services/extensions/node/extensionHostProcess.js:84:97406
    at Array.map (<anonymous>)
    at d._activateExtensions (/snap/code/68/usr/share/code/resources/app/out/vs/workbench/services/extensions/node/extensionHostProcess.js:84:97394)
    at d.activateById (/snap/code/68/usr/share/code/resources/app/out/vs/workbench/services/extensions/node/extensionHostProcess.js:84:95024)
    at c._activateById (/snap/code/68/usr/share/code/resources/app/out/vs/workbench/services/extensions/node/extensionHostProcess.js:89:10204)
    at c._activateOneStartupFinished (/snap/code/68/usr/share/code/resources/app/out/vs/workbench/services/extensions/node/extensionHostProcess.js:89:15096)
    at c._activateAllStartupFinished (/snap/code/68/usr/share/code/resources/app/out/vs/workbench/services/extensions/node/extensionHostProcess.js:89:15467)
    at /snap/code/68/usr/share/code/resources/app/out/vs/workbench/services/extensions/node/extensionHostProcess.js:89:15956
[2021-07-14 04:36:30.755] [exthost] [error] Activating extension ryu1kn.partial-diff failed due to an error:
[2021-07-14 04:36:30.755] [exthost] [error] Canceled: Canceled
    at Object.i [as canceled] (/snap/code/68/usr/share/code/resources/app/out/vs/workbench/services/extensions/node/extensionHostProcess.js:5:1157)
    at u._remoteCall (/snap/code/68/usr/share/code/resources/app/out/vs/workbench/services/extensions/node/extensionHostProcess.js:88:12817)
    at Proxy._.<computed>.D.charCodeAt._.<computed> (/snap/code/68/usr/share/code/resources/app/out/vs/workbench/services/extensions/node/extensionHostProcess.js:88:9349)
    at c._activateExtension (/snap/code/68/usr/share/code/resources/app/out/vs/workbench/services/extensions/node/extensionHostProcess.js:89:11613)
    at Object.actualActivateExtension (/snap/code/68/usr/share/code/resources/app/out/vs/workbench/services/extensions/node/extensionHostProcess.js:89:9202)
    at d._activateExtension (/snap/code/68/usr/share/code/resources/app/out/vs/workbench/services/extensions/node/extensionHostProcess.js:84:97724)
    at /snap/code/68/usr/share/code/resources/app/out/vs/workbench/services/extensions/node/extensionHostProcess.js:84:97406
    at Array.map (<anonymous>)
    at d._activateExtensions (/snap/code/68/usr/share/code/resources/app/out/vs/workbench/services/extensions/node/extensionHostProcess.js:84:97394)
    at d.activateById (/snap/code/68/usr/share/code/resources/app/out/vs/workbench/services/extensions/node/extensionHostProcess.js:84:95024)
    at c._activateById (/snap/code/68/usr/share/code/resources/app/out/vs/workbench/services/extensions/node/extensionHostProcess.js:89:10204)
    at c._activateOneStartupFinished (/snap/code/68/usr/share/code/resources/app/out/vs/workbench/services/extensions/node/extensionHostProcess.js:89:15096)
    at c._activateAllStartupFinished (/snap/code/68/usr/share/code/resources/app/out/vs/workbench/services/extensions/node/extensionHostProcess.js:89:15467)
    at /snap/code/68/usr/share/code/resources/app/out/vs/workbench/services/extensions/node/extensionHostProcess.js:89:15956
[2021-07-14 04:36:30.807] [exthost] [error] ProxyResolver#resolveProxy Canceled: Canceled
    at Object.i [as canceled] (/snap/code/68/usr/share/code/resources/app/out/vs/workbench/services/extensions/node/extensionHostProcess.js:5:1157)
    at u._remoteCall (/snap/code/68/usr/share/code/resources/app/out/vs/workbench/services/extensions/node/extensionHostProcess.js:88:12817)
    at Proxy._.<computed>.D.charCodeAt._.<computed> (/snap/code/68/usr/share/code/resources/app/out/vs/workbench/services/extensions/node/extensionHostProcess.js:88:9349)
    at D.resolveProxy (/snap/code/68/usr/share/code/resources/app/out/vs/workbench/services/extensions/node/extensionHostProcess.js:88:36547)
    at Object.resolveProxy (/snap/code/68/usr/share/code/resources/app/out/vs/workbench/services/extensions/node/extensionHostProcess.js:93:57068)
    at useProxySettings (/snap/code/68/usr/share/code/resources/app/node_modules.asar/vscode-proxy-agent/out/index.js:159:16)
    at /snap/code/68/usr/share/code/resources/app/node_modules.asar/vscode-proxy-agent/out/index.js:107:13
    at /snap/code/68/usr/share/code/resources/app/node_modules.asar/vscode-proxy-agent/out/index.js:335:13 
[2021-07-14 04:36:31.725] [exthost] [info] exiting with code 0
